[2022-01-13T14:02:46.207] [ERROR] err - {
  logger: Error: read EHOSTUNREACH
      at TCP.onStreamRead (internal/stream_base_commons.js:209:20)
      --------------------
      at Protocol._enqueue (/Users/leixiaopeng/Desktop/admin/shangcheng/node_modules/mysql/lib/protocol/Protocol.js:144:48)
      at Connection.query (/Users/leixiaopeng/Desktop/admin/shangcheng/node_modules/mysql/lib/Connection.js:198:25)
      at /Users/leixiaopeng/Desktop/admin/shangcheng/msq/sql.js:38:18
      at new Promise (<anonymous>)
      at exports.sqlFun (/Users/leixiaopeng/Desktop/admin/shangcheng/msq/sql.js:37:14)
      at Object.exports.GetAllFormListMsq (/Users/leixiaopeng/Desktop/admin/shangcheng/msq/user.js:677:21)
      at exports.GetAllFormList (/Users/leixiaopeng/Desktop/admin/shangcheng/route/basics-router/routes/admin.js:497:13)
      at Layer.handle [as handle_request] (/Users/leixiaopeng/Desktop/admin/shangcheng/node_modules/express/lib/router/layer.js:95:5)
      at next (/Users/leixiaopeng/Desktop/admin/shangcheng/node_modules/express/lib/router/route.js:137:13)
      at Route.dispatch (/Users/leixiaopeng/Desktop/admin/shangcheng/node_modules/express/lib/router/route.js:112:3) {
    errno: 'EHOSTUNREACH',
    code: 'EHOSTUNREACH',
    syscall: 'read',
    fatal: true
  }
}
[2022-01-13T14:03:02.674] [ERROR] err - {
  logger: Error: Cannot enqueue Query after fatal error.
      at Protocol._validateEnqueue (/Users/leixiaopeng/Desktop/admin/shangcheng/node_modules/mysql/lib/protocol/Protocol.js:212:16)
      at Protocol._enqueue (/Users/leixiaopeng/Desktop/admin/shangcheng/node_modules/mysql/lib/protocol/Protocol.js:138:13)
      at Connection.query (/Users/leixiaopeng/Desktop/admin/shangcheng/node_modules/mysql/lib/Connection.js:198:25)
      at /Users/leixiaopeng/Desktop/admin/shangcheng/msq/sql.js:38:18
      at new Promise (<anonymous>)
      at exports.sqlFun (/Users/leixiaopeng/Desktop/admin/shangcheng/msq/sql.js:37:14)
      at Object.exports.AllRoterTapListMsq (/Users/leixiaopeng/Desktop/admin/shangcheng/msq/user.js:499:21)
      at exports.routerPage (/Users/leixiaopeng/Desktop/admin/shangcheng/route/basics-router/routes/admin.js:151:13)
      at Layer.handle [as handle_request] (/Users/leixiaopeng/Desktop/admin/shangcheng/node_modules/express/lib/router/layer.js:95:5)
      at next (/Users/leixiaopeng/Desktop/admin/shangcheng/node_modules/express/lib/router/route.js:137:13) {
    code: 'PROTOCOL_ENQUEUE_AFTER_FATAL_ERROR',
    fatal: false
  }
}
[2022-01-13T14:03:11.488] [ERROR] err - {
  logger: Error: Cannot enqueue Query after fatal error.
      at Protocol._validateEnqueue (/Users/leixiaopeng/Desktop/admin/shangcheng/node_modules/mysql/lib/protocol/Protocol.js:212:16)
      at Protocol._enqueue (/Users/leixiaopeng/Desktop/admin/shangcheng/node_modules/mysql/lib/protocol/Protocol.js:138:13)
      at Connection.query (/Users/leixiaopeng/Desktop/admin/shangcheng/node_modules/mysql/lib/Connection.js:198:25)
      at /Users/leixiaopeng/Desktop/admin/shangcheng/msq/sql.js:38:18
      at new Promise (<anonymous>)
      at exports.sqlFun (/Users/leixiaopeng/Desktop/admin/shangcheng/msq/sql.js:37:14)
      at Object.exports.LoginMsq (/Users/leixiaopeng/Desktop/admin/shangcheng/msq/user.js:50:21)
      at exports.Login (/Users/leixiaopeng/Desktop/admin/shangcheng/route/basics-router/routes/admin.js:84:13)
      at Layer.handle [as handle_request] (/Users/leixiaopeng/Desktop/admin/shangcheng/node_modules/express/lib/router/layer.js:95:5)
      at next (/Users/leixiaopeng/Desktop/admin/shangcheng/node_modules/express/lib/router/route.js:137:13) {
    code: 'PROTOCOL_ENQUEUE_AFTER_FATAL_ERROR',
    fatal: false
  }
}
[2022-01-13T14:03:11.512] [ERROR] err - {
  logger: Error: Cannot enqueue Query after fatal error.
      at Protocol._validateEnqueue (/Users/leixiaopeng/Desktop/admin/shangcheng/node_modules/mysql/lib/protocol/Protocol.js:212:16)
      at Protocol._enqueue (/Users/leixiaopeng/Desktop/admin/shangcheng/node_modules/mysql/lib/protocol/Protocol.js:138:13)
      at Connection.query (/Users/leixiaopeng/Desktop/admin/shangcheng/node_modules/mysql/lib/Connection.js:198:25)
      at /Users/leixiaopeng/Desktop/admin/shangcheng/msq/sql.js:38:18
      at new Promise (<anonymous>)
      at exports.sqlFun (/Users/leixiaopeng/Desktop/admin/shangcheng/msq/sql.js:37:14)
      at Object.exports.GetInfoMsq (/Users/leixiaopeng/Desktop/admin/shangcheng/msq/user.js:124:21)
      at exports.GetInfo (/Users/leixiaopeng/Desktop/admin/shangcheng/route/basics-router/routes/admin.js:107:13)
      at Layer.handle [as handle_request] (/Users/leixiaopeng/Desktop/admin/shangcheng/node_modules/express/lib/router/layer.js:95:5)
      at next (/Users/leixiaopeng/Desktop/admin/shangcheng/node_modules/express/lib/router/route.js:137:13) {
    code: 'PROTOCOL_ENQUEUE_AFTER_FATAL_ERROR',
    fatal: false
  }
}
[2022-01-13T14:03:11.539] [ERROR] err - {
  logger: Error: Cannot enqueue Query after fatal error.
      at Protocol._validateEnqueue (/Users/leixiaopeng/Desktop/admin/shangcheng/node_modules/mysql/lib/protocol/Protocol.js:212:16)
      at Protocol._enqueue (/Users/leixiaopeng/Desktop/admin/shangcheng/node_modules/mysql/lib/protocol/Protocol.js:138:13)
      at Connection.query (/Users/leixiaopeng/Desktop/admin/shangcheng/node_modules/mysql/lib/Connection.js:198:25)
      at /Users/leixiaopeng/Desktop/admin/shangcheng/msq/sql.js:38:18
      at new Promise (<anonymous>)
      at exports.sqlFun (/Users/leixiaopeng/Desktop/admin/shangcheng/msq/sql.js:37:14)
      at Object.exports.AllRoterTapListMsq (/Users/leixiaopeng/Desktop/admin/shangcheng/msq/user.js:499:21)
      at exports.routerPage (/Users/leixiaopeng/Desktop/admin/shangcheng/route/basics-router/routes/admin.js:151:13)
      at Layer.handle [as handle_request] (/Users/leixiaopeng/Desktop/admin/shangcheng/node_modules/express/lib/router/layer.js:95:5)
      at next (/Users/leixiaopeng/Desktop/admin/shangcheng/node_modules/express/lib/router/route.js:137:13) {
    code: 'PROTOCOL_ENQUEUE_AFTER_FATAL_ERROR',
    fatal: false
  }
}
[2022-01-13T14:03:13.483] [ERROR] err - {
  logger: Error: Cannot enqueue Query after fatal error.
      at Protocol._validateEnqueue (/Users/leixiaopeng/Desktop/admin/shangcheng/node_modules/mysql/lib/protocol/Protocol.js:212:16)
      at Protocol._enqueue (/Users/leixiaopeng/Desktop/admin/shangcheng/node_modules/mysql/lib/protocol/Protocol.js:138:13)
      at Connection.query (/Users/leixiaopeng/Desktop/admin/shangcheng/node_modules/mysql/lib/Connection.js:198:25)
      at /Users/leixiaopeng/Desktop/admin/shangcheng/msq/sql.js:38:18
      at new Promise (<anonymous>)
      at exports.sqlFun (/Users/leixiaopeng/Desktop/admin/shangcheng/msq/sql.js:37:14)
      at Object.exports.LoginMsq (/Users/leixiaopeng/Desktop/admin/shangcheng/msq/user.js:50:21)
      at exports.Login (/Users/leixiaopeng/Desktop/admin/shangcheng/route/basics-router/routes/admin.js:84:13)
      at Layer.handle [as handle_request] (/Users/leixiaopeng/Desktop/admin/shangcheng/node_modules/express/lib/router/layer.js:95:5)
      at next (/Users/leixiaopeng/Desktop/admin/shangcheng/node_modules/express/lib/router/route.js:137:13) {
    code: 'PROTOCOL_ENQUEUE_AFTER_FATAL_ERROR',
    fatal: false
  }
}
[2022-01-13T14:03:13.493] [ERROR] err - {
  logger: Error: Cannot enqueue Query after fatal error.
      at Protocol._validateEnqueue (/Users/leixiaopeng/Desktop/admin/shangcheng/node_modules/mysql/lib/protocol/Protocol.js:212:16)
      at Protocol._enqueue (/Users/leixiaopeng/Desktop/admin/shangcheng/node_modules/mysql/lib/protocol/Protocol.js:138:13)
      at Connection.query (/Users/leixiaopeng/Desktop/admin/shangcheng/node_modules/mysql/lib/Connection.js:198:25)
      at /Users/leixiaopeng/Desktop/admin/shangcheng/msq/sql.js:38:18
      at new Promise (<anonymous>)
      at exports.sqlFun (/Users/leixiaopeng/Desktop/admin/shangcheng/msq/sql.js:37:14)
      at Object.exports.GetInfoMsq (/Users/leixiaopeng/Desktop/admin/shangcheng/msq/user.js:124:21)
      at exports.GetInfo (/Users/leixiaopeng/Desktop/admin/shangcheng/route/basics-router/routes/admin.js:107:13)
      at Layer.handle [as handle_request] (/Users/leixiaopeng/Desktop/admin/shangcheng/node_modules/express/lib/router/layer.js:95:5)
      at next (/Users/leixiaopeng/Desktop/admin/shangcheng/node_modules/express/lib/router/route.js:137:13) {
    code: 'PROTOCOL_ENQUEUE_AFTER_FATAL_ERROR',
    fatal: false
  }
}
[2022-01-13T14:03:13.506] [ERROR] err - {
  logger: Error: Cannot enqueue Query after fatal error.
      at Protocol._validateEnqueue (/Users/leixiaopeng/Desktop/admin/shangcheng/node_modules/mysql/lib/protocol/Protocol.js:212:16)
      at Protocol._enqueue (/Users/leixiaopeng/Desktop/admin/shangcheng/node_modules/mysql/lib/protocol/Protocol.js:138:13)
      at Connection.query (/Users/leixiaopeng/Desktop/admin/shangcheng/node_modules/mysql/lib/Connection.js:198:25)
      at /Users/leixiaopeng/Desktop/admin/shangcheng/msq/sql.js:38:18
      at new Promise (<anonymous>)
      at exports.sqlFun (/Users/leixiaopeng/Desktop/admin/shangcheng/msq/sql.js:37:14)
      at Object.exports.AllRoterTapListMsq (/Users/leixiaopeng/Desktop/admin/shangcheng/msq/user.js:499:21)
      at exports.routerPage (/Users/leixiaopeng/Desktop/admin/shangcheng/route/basics-router/routes/admin.js:151:13)
      at Layer.handle [as handle_request] (/Users/leixiaopeng/Desktop/admin/shangcheng/node_modules/express/lib/router/layer.js:95:5)
      at next (/Users/leixiaopeng/Desktop/admin/shangcheng/node_modules/express/lib/router/route.js:137:13) {
    code: 'PROTOCOL_ENQUEUE_AFTER_FATAL_ERROR',
    fatal: false
  }
}
[2022-01-13T14:03:13.762] [ERROR] err - {
  logger: Error: Cannot enqueue Query after fatal error.
      at Protocol._validateEnqueue (/Users/leixiaopeng/Desktop/admin/shangcheng/node_modules/mysql/lib/protocol/Protocol.js:212:16)
      at Protocol._enqueue (/Users/leixiaopeng/Desktop/admin/shangcheng/node_modules/mysql/lib/protocol/Protocol.js:138:13)
      at Connection.query (/Users/leixiaopeng/Desktop/admin/shangcheng/node_modules/mysql/lib/Connection.js:198:25)
      at /Users/leixiaopeng/Desktop/admin/shangcheng/msq/sql.js:38:18
      at new Promise (<anonymous>)
      at exports.sqlFun (/Users/leixiaopeng/Desktop/admin/shangcheng/msq/sql.js:37:14)
      at Object.exports.LoginMsq (/Users/leixiaopeng/Desktop/admin/shangcheng/msq/user.js:50:21)
      at exports.Login (/Users/leixiaopeng/Desktop/admin/shangcheng/route/basics-router/routes/admin.js:84:13)
      at Layer.handle [as handle_request] (/Users/leixiaopeng/Desktop/admin/shangcheng/node_modules/express/lib/router/layer.js:95:5)
      at next (/Users/leixiaopeng/Desktop/admin/shangcheng/node_modules/express/lib/router/route.js:137:13) {
    code: 'PROTOCOL_ENQUEUE_AFTER_FATAL_ERROR',
    fatal: false
  }
}
[2022-01-13T14:03:13.772] [ERROR] err - {
  logger: Error: Cannot enqueue Query after fatal error.
      at Protocol._validateEnqueue (/Users/leixiaopeng/Desktop/admin/shangcheng/node_modules/mysql/lib/protocol/Protocol.js:212:16)
      at Protocol._enqueue (/Users/leixiaopeng/Desktop/admin/shangcheng/node_modules/mysql/lib/protocol/Protocol.js:138:13)
      at Connection.query (/Users/leixiaopeng/Desktop/admin/shangcheng/node_modules/mysql/lib/Connection.js:198:25)
      at /Users/leixiaopeng/Desktop/admin/shangcheng/msq/sql.js:38:18
      at new Promise (<anonymous>)
      at exports.sqlFun (/Users/leixiaopeng/Desktop/admin/shangcheng/msq/sql.js:37:14)
      at Object.exports.GetInfoMsq (/Users/leixiaopeng/Desktop/admin/shangcheng/msq/user.js:124:21)
      at exports.GetInfo (/Users/leixiaopeng/Desktop/admin/shangcheng/route/basics-router/routes/admin.js:107:13)
      at Layer.handle [as handle_request] (/Users/leixiaopeng/Desktop/admin/shangcheng/node_modules/express/lib/router/layer.js:95:5)
      at next (/Users/leixiaopeng/Desktop/admin/shangcheng/node_modules/express/lib/router/route.js:137:13) {
    code: 'PROTOCOL_ENQUEUE_AFTER_FATAL_ERROR',
    fatal: false
  }
}
[2022-01-13T14:03:13.786] [ERROR] err - {
  logger: Error: Cannot enqueue Query after fatal error.
      at Protocol._validateEnqueue (/Users/leixiaopeng/Desktop/admin/shangcheng/node_modules/mysql/lib/protocol/Protocol.js:212:16)
      at Protocol._enqueue (/Users/leixiaopeng/Desktop/admin/shangcheng/node_modules/mysql/lib/protocol/Protocol.js:138:13)
      at Connection.query (/Users/leixiaopeng/Desktop/admin/shangcheng/node_modules/mysql/lib/Connection.js:198:25)
      at /Users/leixiaopeng/Desktop/admin/shangcheng/msq/sql.js:38:18
      at new Promise (<anonymous>)
      at exports.sqlFun (/Users/leixiaopeng/Desktop/admin/shangcheng/msq/sql.js:37:14)
      at Object.exports.AllRoterTapListMsq (/Users/leixiaopeng/Desktop/admin/shangcheng/msq/user.js:499:21)
      at exports.routerPage (/Users/leixiaopeng/Desktop/admin/shangcheng/route/basics-router/routes/admin.js:151:13)
      at Layer.handle [as handle_request] (/Users/leixiaopeng/Desktop/admin/shangcheng/node_modules/express/lib/router/layer.js:95:5)
      at next (/Users/leixiaopeng/Desktop/admin/shangcheng/node_modules/express/lib/router/route.js:137:13) {
    code: 'PROTOCOL_ENQUEUE_AFTER_FATAL_ERROR',
    fatal: false
  }
}
[2022-01-13T14:03:13.950] [ERROR] err - {
  logger: Error: Cannot enqueue Query after fatal error.
      at Protocol._validateEnqueue (/Users/leixiaopeng/Desktop/admin/shangcheng/node_modules/mysql/lib/protocol/Protocol.js:212:16)
      at Protocol._enqueue (/Users/leixiaopeng/Desktop/admin/shangcheng/node_modules/mysql/lib/protocol/Protocol.js:138:13)
      at Connection.query (/Users/leixiaopeng/Desktop/admin/shangcheng/node_modules/mysql/lib/Connection.js:198:25)
      at /Users/leixiaopeng/Desktop/admin/shangcheng/msq/sql.js:38:18
      at new Promise (<anonymous>)
      at exports.sqlFun (/Users/leixiaopeng/Desktop/admin/shangcheng/msq/sql.js:37:14)
      at Object.exports.LoginMsq (/Users/leixiaopeng/Desktop/admin/shangcheng/msq/user.js:50:21)
      at exports.Login (/Users/leixiaopeng/Desktop/admin/shangcheng/route/basics-router/routes/admin.js:84:13)
      at Layer.handle [as handle_request] (/Users/leixiaopeng/Desktop/admin/shangcheng/node_modules/express/lib/router/layer.js:95:5)
      at next (/Users/leixiaopeng/Desktop/admin/shangcheng/node_modules/express/lib/router/route.js:137:13) {
    code: 'PROTOCOL_ENQUEUE_AFTER_FATAL_ERROR',
    fatal: false
  }
}
[2022-01-13T14:03:13.961] [ERROR] err - {
  logger: Error: Cannot enqueue Query after fatal error.
      at Protocol._validateEnqueue (/Users/leixiaopeng/Desktop/admin/shangcheng/node_modules/mysql/lib/protocol/Protocol.js:212:16)
      at Protocol._enqueue (/Users/leixiaopeng/Desktop/admin/shangcheng/node_modules/mysql/lib/protocol/Protocol.js:138:13)
      at Connection.query (/Users/leixiaopeng/Desktop/admin/shangcheng/node_modules/mysql/lib/Connection.js:198:25)
      at /Users/leixiaopeng/Desktop/admin/shangcheng/msq/sql.js:38:18
      at new Promise (<anonymous>)
      at exports.sqlFun (/Users/leixiaopeng/Desktop/admin/shangcheng/msq/sql.js:37:14)
      at Object.exports.GetInfoMsq (/Users/leixiaopeng/Desktop/admin/shangcheng/msq/user.js:124:21)
      at exports.GetInfo (/Users/leixiaopeng/Desktop/admin/shangcheng/route/basics-router/routes/admin.js:107:13)
      at Layer.handle [as handle_request] (/Users/leixiaopeng/Desktop/admin/shangcheng/node_modules/express/lib/router/layer.js:95:5)
      at next (/Users/leixiaopeng/Desktop/admin/shangcheng/node_modules/express/lib/router/route.js:137:13) {
    code: 'PROTOCOL_ENQUEUE_AFTER_FATAL_ERROR',
    fatal: false
  }
}
[2022-01-13T14:03:13.975] [ERROR] err - {
  logger: Error: Cannot enqueue Query after fatal error.
      at Protocol._validateEnqueue (/Users/leixiaopeng/Desktop/admin/shangcheng/node_modules/mysql/lib/protocol/Protocol.js:212:16)
      at Protocol._enqueue (/Users/leixiaopeng/Desktop/admin/shangcheng/node_modules/mysql/lib/protocol/Protocol.js:138:13)
      at Connection.query (/Users/leixiaopeng/Desktop/admin/shangcheng/node_modules/mysql/lib/Connection.js:198:25)
      at /Users/leixiaopeng/Desktop/admin/shangcheng/msq/sql.js:38:18
      at new Promise (<anonymous>)
      at exports.sqlFun (/Users/leixiaopeng/Desktop/admin/shangcheng/msq/sql.js:37:14)
      at Object.exports.AllRoterTapListMsq (/Users/leixiaopeng/Desktop/admin/shangcheng/msq/user.js:499:21)
      at exports.routerPage (/Users/leixiaopeng/Desktop/admin/shangcheng/route/basics-router/routes/admin.js:151:13)
      at Layer.handle [as handle_request] (/Users/leixiaopeng/Desktop/admin/shangcheng/node_modules/express/lib/router/layer.js:95:5)
      at next (/Users/leixiaopeng/Desktop/admin/shangcheng/node_modules/express/lib/router/route.js:137:13) {
    code: 'PROTOCOL_ENQUEUE_AFTER_FATAL_ERROR',
    fatal: false
  }
}
[2022-01-13T14:03:14.128] [ERROR] err - {
  logger: Error: Cannot enqueue Query after fatal error.
      at Protocol._validateEnqueue (/Users/leixiaopeng/Desktop/admin/shangcheng/node_modules/mysql/lib/protocol/Protocol.js:212:16)
      at Protocol._enqueue (/Users/leixiaopeng/Desktop/admin/shangcheng/node_modules/mysql/lib/protocol/Protocol.js:138:13)
      at Connection.query (/Users/leixiaopeng/Desktop/admin/shangcheng/node_modules/mysql/lib/Connection.js:198:25)
      at /Users/leixiaopeng/Desktop/admin/shangcheng/msq/sql.js:38:18
      at new Promise (<anonymous>)
      at exports.sqlFun (/Users/leixiaopeng/Desktop/admin/shangcheng/msq/sql.js:37:14)
      at Object.exports.LoginMsq (/Users/leixiaopeng/Desktop/admin/shangcheng/msq/user.js:50:21)
      at exports.Login (/Users/leixiaopeng/Desktop/admin/shangcheng/route/basics-router/routes/admin.js:84:13)
      at Layer.handle [as handle_request] (/Users/leixiaopeng/Desktop/admin/shangcheng/node_modules/express/lib/router/layer.js:95:5)
      at next (/Users/leixiaopeng/Desktop/admin/shangcheng/node_modules/express/lib/router/route.js:137:13) {
    code: 'PROTOCOL_ENQUEUE_AFTER_FATAL_ERROR',
    fatal: false
  }
}
[2022-01-13T14:03:14.139] [ERROR] err - {
  logger: Error: Cannot enqueue Query after fatal error.
      at Protocol._validateEnqueue (/Users/leixiaopeng/Desktop/admin/shangcheng/node_modules/mysql/lib/protocol/Protocol.js:212:16)
      at Protocol._enqueue (/Users/leixiaopeng/Desktop/admin/shangcheng/node_modules/mysql/lib/protocol/Protocol.js:138:13)
      at Connection.query (/Users/leixiaopeng/Desktop/admin/shangcheng/node_modules/mysql/lib/Connection.js:198:25)
      at /Users/leixiaopeng/Desktop/admin/shangcheng/msq/sql.js:38:18
      at new Promise (<anonymous>)
      at exports.sqlFun (/Users/leixiaopeng/Desktop/admin/shangcheng/msq/sql.js:37:14)
      at Object.exports.GetInfoMsq (/Users/leixiaopeng/Desktop/admin/shangcheng/msq/user.js:124:21)
      at exports.GetInfo (/Users/leixiaopeng/Desktop/admin/shangcheng/route/basics-router/routes/admin.js:107:13)
      at Layer.handle [as handle_request] (/Users/leixiaopeng/Desktop/admin/shangcheng/node_modules/express/lib/router/layer.js:95:5)
      at next (/Users/leixiaopeng/Desktop/admin/shangcheng/node_modules/express/lib/router/route.js:137:13) {
    code: 'PROTOCOL_ENQUEUE_AFTER_FATAL_ERROR',
    fatal: false
  }
}
[2022-01-13T14:03:14.149] [ERROR] err - {
  logger: Error: Cannot enqueue Query after fatal error.
      at Protocol._validateEnqueue (/Users/leixiaopeng/Desktop/admin/shangcheng/node_modules/mysql/lib/protocol/Protocol.js:212:16)
      at Protocol._enqueue (/Users/leixiaopeng/Desktop/admin/shangcheng/node_modules/mysql/lib/protocol/Protocol.js:138:13)
      at Connection.query (/Users/leixiaopeng/Desktop/admin/shangcheng/node_modules/mysql/lib/Connection.js:198:25)
      at /Users/leixiaopeng/Desktop/admin/shangcheng/msq/sql.js:38:18
      at new Promise (<anonymous>)
      at exports.sqlFun (/Users/leixiaopeng/Desktop/admin/shangcheng/msq/sql.js:37:14)
      at Object.exports.AllRoterTapListMsq (/Users/leixiaopeng/Desktop/admin/shangcheng/msq/user.js:499:21)
      at exports.routerPage (/Users/leixiaopeng/Desktop/admin/shangcheng/route/basics-router/routes/admin.js:151:13)
      at Layer.handle [as handle_request] (/Users/leixiaopeng/Desktop/admin/shangcheng/node_modules/express/lib/router/layer.js:95:5)
      at next (/Users/leixiaopeng/Desktop/admin/shangcheng/node_modules/express/lib/router/route.js:137:13) {
    code: 'PROTOCOL_ENQUEUE_AFTER_FATAL_ERROR',
    fatal: false
  }
}
[2022-01-13T14:03:14.269] [ERROR] err - {
  logger: Error: Cannot enqueue Query after fatal error.
      at Protocol._validateEnqueue (/Users/leixiaopeng/Desktop/admin/shangcheng/node_modules/mysql/lib/protocol/Protocol.js:212:16)
      at Protocol._enqueue (/Users/leixiaopeng/Desktop/admin/shangcheng/node_modules/mysql/lib/protocol/Protocol.js:138:13)
      at Connection.query (/Users/leixiaopeng/Desktop/admin/shangcheng/node_modules/mysql/lib/Connection.js:198:25)
      at /Users/leixiaopeng/Desktop/admin/shangcheng/msq/sql.js:38:18
      at new Promise (<anonymous>)
      at exports.sqlFun (/Users/leixiaopeng/Desktop/admin/shangcheng/msq/sql.js:37:14)
      at Object.exports.LoginMsq (/Users/leixiaopeng/Desktop/admin/shangcheng/msq/user.js:50:21)
      at exports.Login (/Users/leixiaopeng/Desktop/admin/shangcheng/route/basics-router/routes/admin.js:84:13)
      at Layer.handle [as handle_request] (/Users/leixiaopeng/Desktop/admin/shangcheng/node_modules/express/lib/router/layer.js:95:5)
      at next (/Users/leixiaopeng/Desktop/admin/shangcheng/node_modules/express/lib/router/route.js:137:13) {
    code: 'PROTOCOL_ENQUEUE_AFTER_FATAL_ERROR',
    fatal: false
  }
}
[2022-01-13T14:03:14.281] [ERROR] err - {
  logger: Error: Cannot enqueue Query after fatal error.
      at Protocol._validateEnqueue (/Users/leixiaopeng/Desktop/admin/shangcheng/node_modules/mysql/lib/protocol/Protocol.js:212:16)
      at Protocol._enqueue (/Users/leixiaopeng/Desktop/admin/shangcheng/node_modules/mysql/lib/protocol/Protocol.js:138:13)
      at Connection.query (/Users/leixiaopeng/Desktop/admin/shangcheng/node_modules/mysql/lib/Connection.js:198:25)
      at /Users/leixiaopeng/Desktop/admin/shangcheng/msq/sql.js:38:18
      at new Promise (<anonymous>)
      at exports.sqlFun (/Users/leixiaopeng/Desktop/admin/shangcheng/msq/sql.js:37:14)
      at Object.exports.GetInfoMsq (/Users/leixiaopeng/Desktop/admin/shangcheng/msq/user.js:124:21)
      at exports.GetInfo (/Users/leixiaopeng/Desktop/admin/shangcheng/route/basics-router/routes/admin.js:107:13)
      at Layer.handle [as handle_request] (/Users/leixiaopeng/Desktop/admin/shangcheng/node_modules/express/lib/router/layer.js:95:5)
      at next (/Users/leixiaopeng/Desktop/admin/shangcheng/node_modules/express/lib/router/route.js:137:13) {
    code: 'PROTOCOL_ENQUEUE_AFTER_FATAL_ERROR',
    fatal: false
  }
}
[2022-01-13T14:03:14.293] [ERROR] err - {
  logger: Error: Cannot enqueue Query after fatal error.
      at Protocol._validateEnqueue (/Users/leixiaopeng/Desktop/admin/shangcheng/node_modules/mysql/lib/protocol/Protocol.js:212:16)
      at Protocol._enqueue (/Users/leixiaopeng/Desktop/admin/shangcheng/node_modules/mysql/lib/protocol/Protocol.js:138:13)
      at Connection.query (/Users/leixiaopeng/Desktop/admin/shangcheng/node_modules/mysql/lib/Connection.js:198:25)
      at /Users/leixiaopeng/Desktop/admin/shangcheng/msq/sql.js:38:18
      at new Promise (<anonymous>)
      at exports.sqlFun (/Users/leixiaopeng/Desktop/admin/shangcheng/msq/sql.js:37:14)
      at Object.exports.AllRoterTapListMsq (/Users/leixiaopeng/Desktop/admin/shangcheng/msq/user.js:499:21)
      at exports.routerPage (/Users/leixiaopeng/Desktop/admin/shangcheng/route/basics-router/routes/admin.js:151:13)
      at Layer.handle [as handle_request] (/Users/leixiaopeng/Desktop/admin/shangcheng/node_modules/express/lib/router/layer.js:95:5)
      at next (/Users/leixiaopeng/Desktop/admin/shangcheng/node_modules/express/lib/router/route.js:137:13) {
    code: 'PROTOCOL_ENQUEUE_AFTER_FATAL_ERROR',
    fatal: false
  }
}
[2022-01-13T14:03:14.430] [ERROR] err - {
  logger: Error: Cannot enqueue Query after fatal error.
      at Protocol._validateEnqueue (/Users/leixiaopeng/Desktop/admin/shangcheng/node_modules/mysql/lib/protocol/Protocol.js:212:16)
      at Protocol._enqueue (/Users/leixiaopeng/Desktop/admin/shangcheng/node_modules/mysql/lib/protocol/Protocol.js:138:13)
      at Connection.query (/Users/leixiaopeng/Desktop/admin/shangcheng/node_modules/mysql/lib/Connection.js:198:25)
      at /Users/leixiaopeng/Desktop/admin/shangcheng/msq/sql.js:38:18
      at new Promise (<anonymous>)
      at exports.sqlFun (/Users/leixiaopeng/Desktop/admin/shangcheng/msq/sql.js:37:14)
      at Object.exports.LoginMsq (/Users/leixiaopeng/Desktop/admin/shangcheng/msq/user.js:50:21)
      at exports.Login (/Users/leixiaopeng/Desktop/admin/shangcheng/route/basics-router/routes/admin.js:84:13)
      at Layer.handle [as handle_request] (/Users/leixiaopeng/Desktop/admin/shangcheng/node_modules/express/lib/router/layer.js:95:5)
      at next (/Users/leixiaopeng/Desktop/admin/shangcheng/node_modules/express/lib/router/route.js:137:13) {
    code: 'PROTOCOL_ENQUEUE_AFTER_FATAL_ERROR',
    fatal: false
  }
}
[2022-01-13T14:03:14.440] [ERROR] err - {
  logger: Error: Cannot enqueue Query after fatal error.
      at Protocol._validateEnqueue (/Users/leixiaopeng/Desktop/admin/shangcheng/node_modules/mysql/lib/protocol/Protocol.js:212:16)
      at Protocol._enqueue (/Users/leixiaopeng/Desktop/admin/shangcheng/node_modules/mysql/lib/protocol/Protocol.js:138:13)
      at Connection.query (/Users/leixiaopeng/Desktop/admin/shangcheng/node_modules/mysql/lib/Connection.js:198:25)
      at /Users/leixiaopeng/Desktop/admin/shangcheng/msq/sql.js:38:18
      at new Promise (<anonymous>)
      at exports.sqlFun (/Users/leixiaopeng/Desktop/admin/shangcheng/msq/sql.js:37:14)
      at Object.exports.GetInfoMsq (/Users/leixiaopeng/Desktop/admin/shangcheng/msq/user.js:124:21)
      at exports.GetInfo (/Users/leixiaopeng/Desktop/admin/shangcheng/route/basics-router/routes/admin.js:107:13)
      at Layer.handle [as handle_request] (/Users/leixiaopeng/Desktop/admin/shangcheng/node_modules/express/lib/router/layer.js:95:5)
      at next (/Users/leixiaopeng/Desktop/admin/shangcheng/node_modules/express/lib/router/route.js:137:13) {
    code: 'PROTOCOL_ENQUEUE_AFTER_FATAL_ERROR',
    fatal: false
  }
}
[2022-01-13T14:03:14.451] [ERROR] err - {
  logger: Error: Cannot enqueue Query after fatal error.
      at Protocol._validateEnqueue (/Users/leixiaopeng/Desktop/admin/shangcheng/node_modules/mysql/lib/protocol/Protocol.js:212:16)
      at Protocol._enqueue (/Users/leixiaopeng/Desktop/admin/shangcheng/node_modules/mysql/lib/protocol/Protocol.js:138:13)
      at Connection.query (/Users/leixiaopeng/Desktop/admin/shangcheng/node_modules/mysql/lib/Connection.js:198:25)
      at /Users/leixiaopeng/Desktop/admin/shangcheng/msq/sql.js:38:18
      at new Promise (<anonymous>)
      at exports.sqlFun (/Users/leixiaopeng/Desktop/admin/shangcheng/msq/sql.js:37:14)
      at Object.exports.AllRoterTapListMsq (/Users/leixiaopeng/Desktop/admin/shangcheng/msq/user.js:499:21)
      at exports.routerPage (/Users/leixiaopeng/Desktop/admin/shangcheng/route/basics-router/routes/admin.js:151:13)
      at Layer.handle [as handle_request] (/Users/leixiaopeng/Desktop/admin/shangcheng/node_modules/express/lib/router/layer.js:95:5)
      at next (/Users/leixiaopeng/Desktop/admin/shangcheng/node_modules/express/lib/router/route.js:137:13) {
    code: 'PROTOCOL_ENQUEUE_AFTER_FATAL_ERROR',
    fatal: false
  }
}
[2022-01-13T14:03:14.592] [ERROR] err - {
  logger: Error: Cannot enqueue Query after fatal error.
      at Protocol._validateEnqueue (/Users/leixiaopeng/Desktop/admin/shangcheng/node_modules/mysql/lib/protocol/Protocol.js:212:16)
      at Protocol._enqueue (/Users/leixiaopeng/Desktop/admin/shangcheng/node_modules/mysql/lib/protocol/Protocol.js:138:13)
      at Connection.query (/Users/leixiaopeng/Desktop/admin/shangcheng/node_modules/mysql/lib/Connection.js:198:25)
      at /Users/leixiaopeng/Desktop/admin/shangcheng/msq/sql.js:38:18
      at new Promise (<anonymous>)
      at exports.sqlFun (/Users/leixiaopeng/Desktop/admin/shangcheng/msq/sql.js:37:14)
      at Object.exports.LoginMsq (/Users/leixiaopeng/Desktop/admin/shangcheng/msq/user.js:50:21)
      at exports.Login (/Users/leixiaopeng/Desktop/admin/shangcheng/route/basics-router/routes/admin.js:84:13)
      at Layer.handle [as handle_request] (/Users/leixiaopeng/Desktop/admin/shangcheng/node_modules/express/lib/router/layer.js:95:5)
      at next (/Users/leixiaopeng/Desktop/admin/shangcheng/node_modules/express/lib/router/route.js:137:13) {
    code: 'PROTOCOL_ENQUEUE_AFTER_FATAL_ERROR',
    fatal: false
  }
}
[2022-01-13T14:03:14.606] [ERROR] err - {
  logger: Error: Cannot enqueue Query after fatal error.
      at Protocol._validateEnqueue (/Users/leixiaopeng/Desktop/admin/shangcheng/node_modules/mysql/lib/protocol/Protocol.js:212:16)
      at Protocol._enqueue (/Users/leixiaopeng/Desktop/admin/shangcheng/node_modules/mysql/lib/protocol/Protocol.js:138:13)
      at Connection.query (/Users/leixiaopeng/Desktop/admin/shangcheng/node_modules/mysql/lib/Connection.js:198:25)
      at /Users/leixiaopeng/Desktop/admin/shangcheng/msq/sql.js:38:18
      at new Promise (<anonymous>)
      at exports.sqlFun (/Users/leixiaopeng/Desktop/admin/shangcheng/msq/sql.js:37:14)
      at Object.exports.GetInfoMsq (/Users/leixiaopeng/Desktop/admin/shangcheng/msq/user.js:124:21)
      at exports.GetInfo (/Users/leixiaopeng/Desktop/admin/shangcheng/route/basics-router/routes/admin.js:107:13)
      at Layer.handle [as handle_request] (/Users/leixiaopeng/Desktop/admin/shangcheng/node_modules/express/lib/router/layer.js:95:5)
      at next (/Users/leixiaopeng/Desktop/admin/shangcheng/node_modules/express/lib/router/route.js:137:13) {
    code: 'PROTOCOL_ENQUEUE_AFTER_FATAL_ERROR',
    fatal: false
  }
}
[2022-01-13T14:03:14.620] [ERROR] err - {
  logger: Error: Cannot enqueue Query after fatal error.
      at Protocol._validateEnqueue (/Users/leixiaopeng/Desktop/admin/shangcheng/node_modules/mysql/lib/protocol/Protocol.js:212:16)
      at Protocol._enqueue (/Users/leixiaopeng/Desktop/admin/shangcheng/node_modules/mysql/lib/protocol/Protocol.js:138:13)
      at Connection.query (/Users/leixiaopeng/Desktop/admin/shangcheng/node_modules/mysql/lib/Connection.js:198:25)
      at /Users/leixiaopeng/Desktop/admin/shangcheng/msq/sql.js:38:18
      at new Promise (<anonymous>)
      at exports.sqlFun (/Users/leixiaopeng/Desktop/admin/shangcheng/msq/sql.js:37:14)
      at Object.exports.AllRoterTapListMsq (/Users/leixiaopeng/Desktop/admin/shangcheng/msq/user.js:499:21)
      at exports.routerPage (/Users/leixiaopeng/Desktop/admin/shangcheng/route/basics-router/routes/admin.js:151:13)
      at Layer.handle [as handle_request] (/Users/leixiaopeng/Desktop/admin/shangcheng/node_modules/express/lib/router/layer.js:95:5)
      at next (/Users/leixiaopeng/Desktop/admin/shangcheng/node_modules/express/lib/router/route.js:137:13) {
    code: 'PROTOCOL_ENQUEUE_AFTER_FATAL_ERROR',
    fatal: false
  }
}
[2022-01-13T14:03:14.775] [ERROR] err - {
  logger: Error: Cannot enqueue Query after fatal error.
      at Protocol._validateEnqueue (/Users/leixiaopeng/Desktop/admin/shangcheng/node_modules/mysql/lib/protocol/Protocol.js:212:16)
      at Protocol._enqueue (/Users/leixiaopeng/Desktop/admin/shangcheng/node_modules/mysql/lib/protocol/Protocol.js:138:13)
      at Connection.query (/Users/leixiaopeng/Desktop/admin/shangcheng/node_modules/mysql/lib/Connection.js:198:25)
      at /Users/leixiaopeng/Desktop/admin/shangcheng/msq/sql.js:38:18
      at new Promise (<anonymous>)
      at exports.sqlFun (/Users/leixiaopeng/Desktop/admin/shangcheng/msq/sql.js:37:14)
      at Object.exports.LoginMsq (/Users/leixiaopeng/Desktop/admin/shangcheng/msq/user.js:50:21)
      at exports.Login (/Users/leixiaopeng/Desktop/admin/shangcheng/route/basics-router/routes/admin.js:84:13)
      at Layer.handle [as handle_request] (/Users/leixiaopeng/Desktop/admin/shangcheng/node_modules/express/lib/router/layer.js:95:5)
      at next (/Users/leixiaopeng/Desktop/admin/shangcheng/node_modules/express/lib/router/route.js:137:13) {
    code: 'PROTOCOL_ENQUEUE_AFTER_FATAL_ERROR',
    fatal: false
  }
}
[2022-01-13T14:03:14.790] [ERROR] err - {
  logger: Error: Cannot enqueue Query after fatal error.
      at Protocol._validateEnqueue (/Users/leixiaopeng/Desktop/admin/shangcheng/node_modules/mysql/lib/protocol/Protocol.js:212:16)
      at Protocol._enqueue (/Users/leixiaopeng/Desktop/admin/shangcheng/node_modules/mysql/lib/protocol/Protocol.js:138:13)
      at Connection.query (/Users/leixiaopeng/Desktop/admin/shangcheng/node_modules/mysql/lib/Connection.js:198:25)
      at /Users/leixiaopeng/Desktop/admin/shangcheng/msq/sql.js:38:18
      at new Promise (<anonymous>)
      at exports.sqlFun (/Users/leixiaopeng/Desktop/admin/shangcheng/msq/sql.js:37:14)
      at Object.exports.GetInfoMsq (/Users/leixiaopeng/Desktop/admin/shangcheng/msq/user.js:124:21)
      at exports.GetInfo (/Users/leixiaopeng/Desktop/admin/shangcheng/route/basics-router/routes/admin.js:107:13)
      at Layer.handle [as handle_request] (/Users/leixiaopeng/Desktop/admin/shangcheng/node_modules/express/lib/router/layer.js:95:5)
      at next (/Users/leixiaopeng/Desktop/admin/shangcheng/node_modules/express/lib/router/route.js:137:13) {
    code: 'PROTOCOL_ENQUEUE_AFTER_FATAL_ERROR',
    fatal: false
  }
}
[2022-01-13T14:03:14.803] [ERROR] err - {
  logger: Error: Cannot enqueue Query after fatal error.
      at Protocol._validateEnqueue (/Users/leixiaopeng/Desktop/admin/shangcheng/node_modules/mysql/lib/protocol/Protocol.js:212:16)
      at Protocol._enqueue (/Users/leixiaopeng/Desktop/admin/shangcheng/node_modules/mysql/lib/protocol/Protocol.js:138:13)
      at Connection.query (/Users/leixiaopeng/Desktop/admin/shangcheng/node_modules/mysql/lib/Connection.js:198:25)
      at /Users/leixiaopeng/Desktop/admin/shangcheng/msq/sql.js:38:18
      at new Promise (<anonymous>)
      at exports.sqlFun (/Users/leixiaopeng/Desktop/admin/shangcheng/msq/sql.js:37:14)
      at Object.exports.AllRoterTapListMsq (/Users/leixiaopeng/Desktop/admin/shangcheng/msq/user.js:499:21)
      at exports.routerPage (/Users/leixiaopeng/Desktop/admin/shangcheng/route/basics-router/routes/admin.js:151:13)
      at Layer.handle [as handle_request] (/Users/leixiaopeng/Desktop/admin/shangcheng/node_modules/express/lib/router/layer.js:95:5)
      at next (/Users/leixiaopeng/Desktop/admin/shangcheng/node_modules/express/lib/router/route.js:137:13) {
    code: 'PROTOCOL_ENQUEUE_AFTER_FATAL_ERROR',
    fatal: false
  }
}
[2022-01-13T14:03:25.669] [ERROR] err - {
  logger: Error: Cannot enqueue Query after fatal error.
      at Protocol._validateEnqueue (/Users/leixiaopeng/Desktop/admin/shangcheng/node_modules/mysql/lib/protocol/Protocol.js:212:16)
      at Protocol._enqueue (/Users/leixiaopeng/Desktop/admin/shangcheng/node_modules/mysql/lib/protocol/Protocol.js:138:13)
      at Connection.query (/Users/leixiaopeng/Desktop/admin/shangcheng/node_modules/mysql/lib/Connection.js:198:25)
      at /Users/leixiaopeng/Desktop/admin/shangcheng/msq/sql.js:38:18
      at new Promise (<anonymous>)
      at exports.sqlFun (/Users/leixiaopeng/Desktop/admin/shangcheng/msq/sql.js:37:14)
      at Object.exports.LoginMsq (/Users/leixiaopeng/Desktop/admin/shangcheng/msq/user.js:50:21)
      at exports.Login (/Users/leixiaopeng/Desktop/admin/shangcheng/route/basics-router/routes/admin.js:84:13)
      at Layer.handle [as handle_request] (/Users/leixiaopeng/Desktop/admin/shangcheng/node_modules/express/lib/router/layer.js:95:5)
      at next (/Users/leixiaopeng/Desktop/admin/shangcheng/node_modules/express/lib/router/route.js:137:13) {
    code: 'PROTOCOL_ENQUEUE_AFTER_FATAL_ERROR',
    fatal: false
  }
}
[2022-01-13T14:03:25.685] [ERROR] err - {
  logger: Error: Cannot enqueue Query after fatal error.
      at Protocol._validateEnqueue (/Users/leixiaopeng/Desktop/admin/shangcheng/node_modules/mysql/lib/protocol/Protocol.js:212:16)
      at Protocol._enqueue (/Users/leixiaopeng/Desktop/admin/shangcheng/node_modules/mysql/lib/protocol/Protocol.js:138:13)
      at Connection.query (/Users/leixiaopeng/Desktop/admin/shangcheng/node_modules/mysql/lib/Connection.js:198:25)
      at /Users/leixiaopeng/Desktop/admin/shangcheng/msq/sql.js:38:18
      at new Promise (<anonymous>)
      at exports.sqlFun (/Users/leixiaopeng/Desktop/admin/shangcheng/msq/sql.js:37:14)
      at Object.exports.GetInfoMsq (/Users/leixiaopeng/Desktop/admin/shangcheng/msq/user.js:124:21)
      at exports.GetInfo (/Users/leixiaopeng/Desktop/admin/shangcheng/route/basics-router/routes/admin.js:107:13)
      at Layer.handle [as handle_request] (/Users/leixiaopeng/Desktop/admin/shangcheng/node_modules/express/lib/router/layer.js:95:5)
      at next (/Users/leixiaopeng/Desktop/admin/shangcheng/node_modules/express/lib/router/route.js:137:13) {
    code: 'PROTOCOL_ENQUEUE_AFTER_FATAL_ERROR',
    fatal: false
  }
}
[2022-01-13T14:03:25.697] [ERROR] err - {
  logger: Error: Cannot enqueue Query after fatal error.
      at Protocol._validateEnqueue (/Users/leixiaopeng/Desktop/admin/shangcheng/node_modules/mysql/lib/protocol/Protocol.js:212:16)
      at Protocol._enqueue (/Users/leixiaopeng/Desktop/admin/shangcheng/node_modules/mysql/lib/protocol/Protocol.js:138:13)
      at Connection.query (/Users/leixiaopeng/Desktop/admin/shangcheng/node_modules/mysql/lib/Connection.js:198:25)
      at /Users/leixiaopeng/Desktop/admin/shangcheng/msq/sql.js:38:18
      at new Promise (<anonymous>)
      at exports.sqlFun (/Users/leixiaopeng/Desktop/admin/shangcheng/msq/sql.js:37:14)
      at Object.exports.AllRoterTapListMsq (/Users/leixiaopeng/Desktop/admin/shangcheng/msq/user.js:499:21)
      at exports.routerPage (/Users/leixiaopeng/Desktop/admin/shangcheng/route/basics-router/routes/admin.js:151:13)
      at Layer.handle [as handle_request] (/Users/leixiaopeng/Desktop/admin/shangcheng/node_modules/express/lib/router/layer.js:95:5)
      at next (/Users/leixiaopeng/Desktop/admin/shangcheng/node_modules/express/lib/router/route.js:137:13) {
    code: 'PROTOCOL_ENQUEUE_AFTER_FATAL_ERROR',
    fatal: false
  }
}
