[2022-02-07T15:06:53.595] [INFO] oth - {
  code: 4001,
  data: {
    token: 'eyJhbGciOiJIUzI1NiIsInR5cCI6IkpXVCJ9.eyJkYXRhIjoiYWRtaW4iLCJpYXQiOjE2NDQyMTM1MjMsImV4cCI6MTY0NDIxNzEyM30.MeNbU2XcGuCt_2VRQUNjtOn_j3ycg0G5w7lWlDcg2rQ'
  },
  message: '令牌已失效，请重新登录'
}
[2022-02-07T15:07:01.054] [INFO] oth - {
  code: 4001,
  data: {
    token: 'eyJhbGciOiJIUzI1NiIsInR5cCI6IkpXVCJ9.eyJkYXRhIjoiYWRtaW4iLCJpYXQiOjE2NDQyMTM1MjMsImV4cCI6MTY0NDIxNzEyM30.MeNbU2XcGuCt_2VRQUNjtOn_j3ycg0G5w7lWlDcg2rQ'
  },
  message: '令牌已失效，请重新登录'
}
[2022-02-07T15:07:01.597] [INFO] oth - {
  code: 4001,
  data: {
    token: 'eyJhbGciOiJIUzI1NiIsInR5cCI6IkpXVCJ9.eyJkYXRhIjoiYWRtaW4iLCJpYXQiOjE2NDQyMTM1MjMsImV4cCI6MTY0NDIxNzEyM30.MeNbU2XcGuCt_2VRQUNjtOn_j3ycg0G5w7lWlDcg2rQ'
  },
  message: '令牌已失效，请重新登录'
}
[2022-02-07T15:07:02.081] [INFO] oth - {
  code: 4001,
  data: {
    token: 'eyJhbGciOiJIUzI1NiIsInR5cCI6IkpXVCJ9.eyJkYXRhIjoiYWRtaW4iLCJpYXQiOjE2NDQyMTM1MjMsImV4cCI6MTY0NDIxNzEyM30.MeNbU2XcGuCt_2VRQUNjtOn_j3ycg0G5w7lWlDcg2rQ'
  },
  message: '令牌已失效，请重新登录'
}
[2022-02-07T16:08:40.558] [INFO] oth - {
  code: 4001,
  data: {
    token: 'eyJhbGciOiJIUzI1NiIsInR5cCI6IkpXVCJ9.eyJkYXRhIjoiYWRtaW4iLCJpYXQiOjE2NDQyMTc2NTIsImV4cCI6MTY0NDIyMTI1Mn0.wQHa_XHOy-dpB5s3rkLnCNTRSPNE5_8rE66_T7kmL5c'
  },
  message: '令牌已失效，请重新登录'
}
[2022-02-07T17:48:02.870] [INFO] oth - {
  code: 4001,
  data: {
    token: 'eyJhbGciOiJIUzI1NiIsInR5cCI6IkpXVCJ9.eyJkYXRhIjoiYWRtaW4iLCJpYXQiOjE2NDQyMjM2NTcsImV4cCI6MTY0NDIyNzI1N30.3FHppeIYcSXlTxZR2lyvirW3KGgLZGJPdhtaLh3tgoQ'
  },
  message: '令牌已失效，请重新登录'
}
