[2022-02-07T14:02:09.727] [INFO] default - [::1 GET /basicsRouter/addFormConfiguration 404 14ms][ HTTP/1.1 PostmanRuntime/7.26.8]
[2022-02-07T15:06:53.598] [INFO] default - [::1 POST /basicsRouter/addFormConfiguration 200 17ms][ HTTP/1.1 PostmanRuntime/7.26.8]
[2022-02-07T15:07:01.054] [INFO] default - [::1 POST /basicsRouter/addFormConfiguration 200 2ms][ HTTP/1.1 PostmanRuntime/7.26.8]
[2022-02-07T15:07:01.598] [INFO] default - [::1 POST /basicsRouter/addFormConfiguration 200 2ms][ HTTP/1.1 PostmanRuntime/7.26.8]
[2022-02-07T15:07:02.082] [INFO] default - [::1 POST /basicsRouter/addFormConfiguration 200 1ms][ HTTP/1.1 PostmanRuntime/7.26.8]
[2022-02-07T15:07:32.650] [INFO] default - [::1 POST /basicsRouter/login 200 463ms][ HTTP/1.1 PostmanRuntime/7.26.8]
[2022-02-07T15:12:41.779] [INFO] default - [::1 POST /basicsRouter/addFormConfiguration 200 791ms][ HTTP/1.1 PostmanRuntime/7.26.8]
[2022-02-07T15:14:28.738] [INFO] default - [::1 POST /basicsRouter/addFormConfiguration 200 63ms][ HTTP/1.1 PostmanRuntime/7.26.8]
[2022-02-07T15:15:24.098] [INFO] default - [::1 POST /basicsRouter/addFormConfiguration 200 56ms][ HTTP/1.1 PostmanRuntime/7.26.8]
[2022-02-07T15:15:53.604] [INFO] default - [::1 POST /basicsRouter/addFormConfiguration 200 39ms][ HTTP/1.1 PostmanRuntime/7.26.8]
[2022-02-07T15:18:02.254] [INFO] default - [::1 POST /basicsRouter/addFormConfiguration 200 114ms][ HTTP/1.1 PostmanRuntime/7.26.8]
[2022-02-07T15:19:18.245] [INFO] default - [::1 POST /basicsRouter/addFormConfiguration 200 433ms][ HTTP/1.1 PostmanRuntime/7.26.8]
[2022-02-07T15:20:05.091] [INFO] default - [::1 POST /basicsRouter/addFormConfiguration 200 265ms][ HTTP/1.1 PostmanRuntime/7.26.8]
[2022-02-07T15:26:06.278] [INFO] default - [::1 POST /basicsRouter/addFormConfiguration 200 471ms][ HTTP/1.1 PostmanRuntime/7.26.8]
[2022-02-07T15:27:20.227] [INFO] default - [::1 POST /basicsRouter/addFormConfiguration 200 57ms][ HTTP/1.1 PostmanRuntime/7.26.8]
[2022-02-07T15:29:05.694] [INFO] default - [::1 POST /basicsRouter/addFormConfiguration 200 56ms][ HTTP/1.1 PostmanRuntime/7.26.8]
[2022-02-07T15:29:29.004] [INFO] default - [::1 POST /basicsRouter/addFormConfiguration 200 382ms][ HTTP/1.1 PostmanRuntime/7.26.8]
[2022-02-07T15:37:56.294] [INFO] default - [::1 POST /basicsRouter/addFormConfiguration 200 355ms][ HTTP/1.1 PostmanRuntime/7.26.8]
[2022-02-07T15:39:12.650] [INFO] default - [::1 POST /basicsRouter/addFormConfiguration 200 176ms][ HTTP/1.1 PostmanRuntime/7.26.8]
[2022-02-07T15:39:37.877] [INFO] default - [::1 POST /basicsRouter/addFormConfiguration 200 85ms][ HTTP/1.1 PostmanRuntime/7.26.8]
[2022-02-07T15:40:47.491] [INFO] default - [::1 POST /basicsRouter/addFormConfiguration 200 412ms][ HTTP/1.1 PostmanRuntime/7.26.8]
[2022-02-07T15:42:25.388] [INFO] default - [::1 POST /basicsRouter/addFormConfiguration 200 791ms][ HTTP/1.1 PostmanRuntime/7.26.8]
[2022-02-07T15:43:07.711] [INFO] default - [::1 POST /basicsRouter/addFormConfiguration 200 1169ms][ HTTP/1.1 PostmanRuntime/7.26.8]
[2022-02-07T15:43:37.229] [INFO] default - [::1 POST /basicsRouter/addFormConfiguration 200 456ms][ HTTP/1.1 PostmanRuntime/7.26.8]
[2022-02-07T15:44:54.983] [INFO] default - [::1 POST /basicsRouter/addFormConfiguration 200 434ms][ HTTP/1.1 PostmanRuntime/7.26.8]
[2022-02-07T15:48:13.311] [INFO] default - [::1 POST /basicsRouter/addFormConfiguration 200 344ms][ HTTP/1.1 PostmanRuntime/7.26.8]
[2022-02-07T15:48:47.453] [INFO] default - [::1 POST /basicsRouter/addFormConfiguration 200 231ms][ HTTP/1.1 PostmanRuntime/7.26.8]
[2022-02-07T15:49:04.230] [INFO] default - [::1 POST /basicsRouter/addFormConfiguration 200 302ms][ HTTP/1.1 PostmanRuntime/7.26.8]
[2022-02-07T15:50:12.444] [INFO] default - [::1 POST /basicsRouter/addFormConfiguration 200 137ms][ HTTP/1.1 PostmanRuntime/7.26.8]
[2022-02-07T15:50:53.995] [INFO] default - [::1 POST /basicsRouter/addFormConfiguration 200 364ms][ HTTP/1.1 PostmanRuntime/7.26.8]
[2022-02-07T15:52:05.453] [INFO] default - [::1 POST /basicsRouter/addFormConfiguration 200 461ms][ HTTP/1.1 PostmanRuntime/7.26.8]
[2022-02-07T15:53:35.418] [INFO] default - [::1 POST /basicsRouter/addFormConfiguration 200 64ms][ HTTP/1.1 PostmanRuntime/7.26.8]
[2022-02-07T15:53:40.542] [INFO] default - [::1 POST /basicsRouter/addFormConfiguration 200 44ms][ HTTP/1.1 PostmanRuntime/7.26.8]
[2022-02-07T15:54:46.773] [INFO] default - [::1 POST /basicsRouter/addFormConfiguration 200 879ms][ HTTP/1.1 PostmanRuntime/7.26.8]
[2022-02-07T15:56:27.958] [INFO] default - [::1 POST /basicsRouter/addFormConfiguration 200 135ms][ HTTP/1.1 PostmanRuntime/7.26.8]
[2022-02-07T15:58:25.709] [INFO] default - [::1 POST /basicsRouter/addFormConfiguration 200 47ms][ HTTP/1.1 PostmanRuntime/7.26.8]
[2022-02-07T15:59:01.421] [INFO] default - [::1 POST /basicsRouter/addFormConfiguration 200 1438ms][ HTTP/1.1 PostmanRuntime/7.26.8]
[2022-02-07T16:00:20.235] [INFO] default - [::1 POST /basicsRouter/addFormConfiguration 200 424ms][ HTTP/1.1 PostmanRuntime/7.26.8]
[2022-02-07T16:00:51.439] [INFO] default - [::1 POST /basicsRouter/addFormConfiguration 200 170ms][ HTTP/1.1 PostmanRuntime/7.26.8]
[2022-02-07T16:05:05.883] [INFO] default - [::1 POST /basicsRouter/addFormConfiguration 200 360ms][ HTTP/1.1 PostmanRuntime/7.26.8]
[2022-02-07T16:05:24.772] [INFO] default - [::1 POST /basicsRouter/addFormConfiguration 200 100ms][ HTTP/1.1 PostmanRuntime/7.26.8]
[2022-02-07T16:05:59.875] [INFO] default - [::1 POST /basicsRouter/addFormConfiguration 200 361ms][ HTTP/1.1 PostmanRuntime/7.26.8]
[2022-02-07T16:06:37.074] [INFO] default - [::1 POST /basicsRouter/addFormConfiguration 200 426ms][ HTTP/1.1 PostmanRuntime/7.26.8]
[2022-02-07T16:07:28.034] [INFO] default - [::1 POST /basicsRouter/addFormConfiguration 200 410ms][ HTTP/1.1 PostmanRuntime/7.26.8]
[2022-02-07T16:08:40.561] [INFO] default - [::1 POST /basicsRouter/addFormConfiguration 200 20ms][ HTTP/1.1 PostmanRuntime/7.26.8]
[2022-02-07T16:09:28.890] [INFO] default - [::1 POST /basicsRouter/login 200 347ms][ HTTP/1.1 PostmanRuntime/7.26.8]
[2022-02-07T16:09:42.067] [INFO] default - [::1 POST /basicsRouter/addFormConfiguration 200 51ms][ HTTP/1.1 PostmanRuntime/7.26.8]
[2022-02-07T16:10:26.086] [INFO] default - [::1 POST /basicsRouter/addFormConfiguration 200 76ms][ HTTP/1.1 PostmanRuntime/7.26.8]
[2022-02-07T16:12:40.268] [INFO] default - [::1 POST /basicsRouter/addFormConfiguration 200 51ms][ HTTP/1.1 PostmanRuntime/7.26.8]
[2022-02-07T16:13:06.566] [INFO] default - [::1 POST /basicsRouter/addFormConfiguration 200 170ms][ HTTP/1.1 PostmanRuntime/7.26.8]
[2022-02-07T16:13:30.295] [INFO] default - [::1 POST /basicsRouter/addFormConfiguration 200 108ms][ HTTP/1.1 PostmanRuntime/7.26.8]
[2022-02-07T16:14:54.824] [INFO] default - [::1 POST /basicsRouter/addFormConfiguration 200 85ms][ HTTP/1.1 PostmanRuntime/7.26.8]
[2022-02-07T16:31:13.835] [INFO] default - [::1 POST /basicsRouter/addFormConfiguration 200 389ms][ HTTP/1.1 PostmanRuntime/7.26.8]
[2022-02-07T16:31:59.397] [INFO] default - [::1 POST /basicsRouter/addFormConfiguration 200 390ms][ HTTP/1.1 PostmanRuntime/7.26.8]
[2022-02-07T16:32:18.245] [INFO] default - [::1 POST /basicsRouter/addFormConfiguration 200 1200ms][ HTTP/1.1 PostmanRuntime/7.26.8]
[2022-02-07T16:32:37.066] [INFO] default - [::1 POST /basicsRouter/addFormConfiguration 200 150ms][ HTTP/1.1 PostmanRuntime/7.26.8]
[2022-02-07T16:37:28.177] [INFO] default - [::1 POST /basicsRouter/getAllFormConfigurationList 200 489ms][ HTTP/1.1 PostmanRuntime/7.26.8]
[2022-02-07T16:40:19.765] [INFO] default - [::1 POST /basicsRouter/getAllFormConfigurationList 200 519ms][ HTTP/1.1 PostmanRuntime/7.26.8]
[2022-02-07T16:47:37.627] [INFO] default - [::1 POST /basicsRouter/login 200 420ms][http://localhost:8080/ HTTP/1.1 Mozilla/5.0 (Macintosh; Intel Mac OS X 10_15_7) AppleWebKit/537.36 (KHTML, like Gecko) Chrome/97.0.4692.99 Safari/537.36]
[2022-02-07T16:47:37.680] [INFO] default - [::1 GET /basicsRouter/GetInfo 200 40ms][http://localhost:8080/ HTTP/1.1 Mozilla/5.0 (Macintosh; Intel Mac OS X 10_15_7) AppleWebKit/537.36 (KHTML, like Gecko) Chrome/97.0.4692.99 Safari/537.36]
[2022-02-07T16:47:37.747] [INFO] default - [::1 POST /basicsRouter/routerpage 200 50ms][http://localhost:8080/ HTTP/1.1 Mozilla/5.0 (Macintosh; Intel Mac OS X 10_15_7) AppleWebKit/537.36 (KHTML, like Gecko) Chrome/97.0.4692.99 Safari/537.36]
[2022-02-07T16:47:40.540] [INFO] default - [::1 POST /basicsRouter/getAllFormList 200 45ms][http://localhost:8080/ HTTP/1.1 Mozilla/5.0 (Macintosh; Intel Mac OS X 10_15_7) AppleWebKit/537.36 (KHTML, like Gecko) Chrome/97.0.4692.99 Safari/537.36]
[2022-02-07T16:48:26.953] [INFO] default - [::1 POST /basicsRouter/routerpage 200 1045ms][http://localhost:8080/ HTTP/1.1 Mozilla/5.0 (Macintosh; Intel Mac OS X 10_15_7) AppleWebKit/537.36 (KHTML, like Gecko) Chrome/97.0.4692.99 Safari/537.36]
[2022-02-07T16:48:37.105] [INFO] default - [::1 POST /basicsRouter/routerpage 200 41ms][http://localhost:8080/ HTTP/1.1 Mozilla/5.0 (Macintosh; Intel Mac OS X 10_15_7) AppleWebKit/537.36 (KHTML, like Gecko) Chrome/97.0.4692.99 Safari/537.36]
[2022-02-07T16:55:00.395] [INFO] default - [::1 POST /basicsRouter/routerpage 200 128ms][http://localhost:8080/ HTTP/1.1 Mozilla/5.0 (Macintosh; Intel Mac OS X 10_15_7) AppleWebKit/537.36 (KHTML, like Gecko) Chrome/97.0.4692.99 Safari/537.36]
[2022-02-07T16:55:52.451] [INFO] default - [::1 POST /basicsRouter/getAllFormConfigurationList 200 70ms][http://localhost:8080/ HTTP/1.1 Mozilla/5.0 (Macintosh; Intel Mac OS X 10_15_7) AppleWebKit/537.36 (KHTML, like Gecko) Chrome/97.0.4692.99 Safari/537.36]
[2022-02-07T16:55:54.443] [INFO] default - [::1 POST /basicsRouter/getAllFormConfigurationList 200 79ms][http://localhost:8080/ HTTP/1.1 Mozilla/5.0 (Macintosh; Intel Mac OS X 10_15_7) AppleWebKit/537.36 (KHTML, like Gecko) Chrome/97.0.4692.99 Safari/537.36]
[2022-02-07T16:57:31.311] [INFO] default - [::1 POST /basicsRouter/getAllFormConfigurationList 200 98ms][http://localhost:8080/ HTTP/1.1 Mozilla/5.0 (Macintosh; Intel Mac OS X 10_15_7) AppleWebKit/537.36 (KHTML, like Gecko) Chrome/97.0.4692.99 Safari/537.36]
[2022-02-07T17:04:23.184] [INFO] default - [::1 POST /basicsRouter/getAllFormConfigurationList 200 59ms][http://localhost:8080/ HTTP/1.1 Mozilla/5.0 (Macintosh; Intel Mac OS X 10_15_7) AppleWebKit/537.36 (KHTML, like Gecko) Chrome/97.0.4692.99 Safari/537.36]
[2022-02-07T17:04:53.730] [INFO] default - [::1 POST /basicsRouter/routerpage 200 44ms][http://localhost:8080/ HTTP/1.1 Mozilla/5.0 (Macintosh; Intel Mac OS X 10_15_7) AppleWebKit/537.36 (KHTML, like Gecko) Chrome/97.0.4692.99 Safari/537.36]
[2022-02-07T17:04:58.086] [INFO] default - [::1 POST /basicsRouter/getAllFormConfigurationList 200 80ms][http://localhost:8080/ HTTP/1.1 Mozilla/5.0 (Macintosh; Intel Mac OS X 10_15_7) AppleWebKit/537.36 (KHTML, like Gecko) Chrome/97.0.4692.99 Safari/537.36]
[2022-02-07T17:05:23.581] [INFO] default - [::1 POST /basicsRouter/getAllFormConfigurationList 200 30ms][http://localhost:8080/ HTTP/1.1 Mozilla/5.0 (Macintosh; Intel Mac OS X 10_15_7) AppleWebKit/537.36 (KHTML, like Gecko) Chrome/97.0.4692.99 Safari/537.36]
[2022-02-07T17:27:14.777] [INFO] default - [::1 POST /basicsRouter/login 200 489ms][ HTTP/1.1 PostmanRuntime/7.26.8]
[2022-02-07T17:28:29.228] [INFO] default - [::1 POST /basicsRouter/getAllFormConfigurationList 200 49ms][http://localhost:8080/ HTTP/1.1 Mozilla/5.0 (Macintosh; Intel Mac OS X 10_15_7) AppleWebKit/537.36 (KHTML, like Gecko) Chrome/97.0.4692.99 Safari/537.36]
[2022-02-07T17:28:48.232] [INFO] default - [::1 POST /basicsRouter/routerpage 200 53ms][http://localhost:8080/ HTTP/1.1 Mozilla/5.0 (Macintosh; Intel Mac OS X 10_15_7) AppleWebKit/537.36 (KHTML, like Gecko) Chrome/97.0.4692.99 Safari/537.36]
[2022-02-07T17:28:50.297] [INFO] default - [::1 POST /basicsRouter/getAllFormConfigurationList 200 49ms][http://localhost:8080/ HTTP/1.1 Mozilla/5.0 (Macintosh; Intel Mac OS X 10_15_7) AppleWebKit/537.36 (KHTML, like Gecko) Chrome/97.0.4692.99 Safari/537.36]
[2022-02-07T17:29:41.682] [INFO] default - [::1 POST /basicsRouter/routerpage 200 405ms][http://localhost:8080/ HTTP/1.1 Mozilla/5.0 (Macintosh; Intel Mac OS X 10_15_7) AppleWebKit/537.36 (KHTML, like Gecko) Chrome/97.0.4692.99 Safari/537.36]
[2022-02-07T17:29:43.569] [INFO] default - [::1 POST /basicsRouter/getAllFormConfigurationList 200 67ms][http://localhost:8080/ HTTP/1.1 Mozilla/5.0 (Macintosh; Intel Mac OS X 10_15_7) AppleWebKit/537.36 (KHTML, like Gecko) Chrome/97.0.4692.99 Safari/537.36]
[2022-02-07T17:31:33.693] [INFO] default - [::1 POST /basicsRouter/getAllFormConfigurationList 200 36ms][http://localhost:8080/ HTTP/1.1 Mozilla/5.0 (Macintosh; Intel Mac OS X 10_15_7) AppleWebKit/537.36 (KHTML, like Gecko) Chrome/97.0.4692.99 Safari/537.36]
[2022-02-07T17:31:38.533] [INFO] default - [::1 POST /basicsRouter/routerpage 200 38ms][http://localhost:8080/ HTTP/1.1 Mozilla/5.0 (Macintosh; Intel Mac OS X 10_15_7) AppleWebKit/537.36 (KHTML, like Gecko) Chrome/97.0.4692.99 Safari/537.36]
[2022-02-07T17:31:41.065] [INFO] default - [::1 POST /basicsRouter/getAllFormConfigurationList 200 45ms][http://localhost:8080/ HTTP/1.1 Mozilla/5.0 (Macintosh; Intel Mac OS X 10_15_7) AppleWebKit/537.36 (KHTML, like Gecko) Chrome/97.0.4692.99 Safari/537.36]
[2022-02-07T17:31:57.389] [INFO] default - [::1 POST /basicsRouter/routerpage 200 35ms][http://localhost:8080/ HTTP/1.1 Mozilla/5.0 (Macintosh; Intel Mac OS X 10_15_7) AppleWebKit/537.36 (KHTML, like Gecko) Chrome/97.0.4692.99 Safari/537.36]
[2022-02-07T17:31:58.994] [INFO] default - [::1 POST /basicsRouter/getAllFormConfigurationList 200 38ms][http://localhost:8080/ HTTP/1.1 Mozilla/5.0 (Macintosh; Intel Mac OS X 10_15_7) AppleWebKit/537.36 (KHTML, like Gecko) Chrome/97.0.4692.99 Safari/537.36]
[2022-02-07T17:32:02.041] [INFO] default - [::1 POST /basicsRouter/getAllFormConfigurationList 200 41ms][http://localhost:8080/ HTTP/1.1 Mozilla/5.0 (Macintosh; Intel Mac OS X 10_15_7) AppleWebKit/537.36 (KHTML, like Gecko) Chrome/97.0.4692.99 Safari/537.36]
[2022-02-07T17:32:52.738] [INFO] default - [::1 POST /basicsRouter/getAllFormConfigurationList 200 44ms][ HTTP/1.1 PostmanRuntime/7.26.8]
[2022-02-07T17:33:16.342] [INFO] default - [::1 POST /basicsRouter/getAllFormConfigurationList 200 36ms][ HTTP/1.1 PostmanRuntime/7.26.8]
[2022-02-07T17:33:41.672] [INFO] default - [::1 POST /basicsRouter/addFormConfiguration 200 147ms][ HTTP/1.1 PostmanRuntime/7.26.8]
[2022-02-07T17:35:16.157] [INFO] default - [::1 POST /basicsRouter/addFormConfiguration 200 142ms][ HTTP/1.1 PostmanRuntime/7.26.8]
[2022-02-07T17:35:37.911] [INFO] default - [::1 POST /basicsRouter/addFormConfiguration 200 86ms][ HTTP/1.1 PostmanRuntime/7.26.8]
[2022-02-07T17:35:46.620] [INFO] default - [::1 POST /basicsRouter/getAllFormConfigurationList 200 47ms][http://localhost:8080/ HTTP/1.1 Mozilla/5.0 (Macintosh; Intel Mac OS X 10_15_7) AppleWebKit/537.36 (KHTML, like Gecko) Chrome/97.0.4692.99 Safari/537.36]
[2022-02-07T17:36:13.382] [INFO] default - [::1 POST /basicsRouter/addFormConfiguration 200 282ms][ HTTP/1.1 PostmanRuntime/7.26.8]
[2022-02-07T17:36:17.056] [INFO] default - [::1 POST /basicsRouter/routerpage 200 39ms][http://localhost:8080/ HTTP/1.1 Mozilla/5.0 (Macintosh; Intel Mac OS X 10_15_7) AppleWebKit/537.36 (KHTML, like Gecko) Chrome/97.0.4692.99 Safari/537.36]
[2022-02-07T17:36:18.311] [INFO] default - [::1 POST /basicsRouter/getAllFormConfigurationList 200 38ms][http://localhost:8080/ HTTP/1.1 Mozilla/5.0 (Macintosh; Intel Mac OS X 10_15_7) AppleWebKit/537.36 (KHTML, like Gecko) Chrome/97.0.4692.99 Safari/537.36]
[2022-02-07T17:36:41.761] [INFO] default - [::1 POST /basicsRouter/addFormConfiguration 200 111ms][ HTTP/1.1 PostmanRuntime/7.26.8]
[2022-02-07T17:36:47.810] [INFO] default - [::1 POST /basicsRouter/getAllFormConfigurationList 200 48ms][http://localhost:8080/ HTTP/1.1 Mozilla/5.0 (Macintosh; Intel Mac OS X 10_15_7) AppleWebKit/537.36 (KHTML, like Gecko) Chrome/97.0.4692.99 Safari/537.36]
[2022-02-07T17:37:09.375] [INFO] default - [::1 POST /basicsRouter/getAllFormList 200 31ms][http://localhost:8080/ HTTP/1.1 Mozilla/5.0 (Macintosh; Intel Mac OS X 10_15_7) AppleWebKit/537.36 (KHTML, like Gecko) Chrome/97.0.4692.99 Safari/537.36]
[2022-02-07T17:42:06.296] [INFO] default - [::1 POST /basicsRouter/routerpage 200 52ms][http://localhost:8080/ HTTP/1.1 Mozilla/5.0 (Macintosh; Intel Mac OS X 10_15_7) AppleWebKit/537.36 (KHTML, like Gecko) Chrome/97.0.4692.99 Safari/537.36]
[2022-02-07T17:42:06.815] [INFO] default - [::1 POST /basicsRouter/getAllFormConfigurationList 200 47ms][http://localhost:8080/ HTTP/1.1 Mozilla/5.0 (Macintosh; Intel Mac OS X 10_15_7) AppleWebKit/537.36 (KHTML, like Gecko) Chrome/97.0.4692.99 Safari/537.36]
[2022-02-07T17:42:45.636] [INFO] default - [::1 POST /basicsRouter/getAllFormList 200 36ms][http://localhost:8080/ HTTP/1.1 Mozilla/5.0 (Macintosh; Intel Mac OS X 10_15_7) AppleWebKit/537.36 (KHTML, like Gecko) Chrome/97.0.4692.99 Safari/537.36]
[2022-02-07T17:42:48.708] [INFO] default - [::1 POST /basicsRouter/getAllFormConfigurationList 200 39ms][http://localhost:8080/ HTTP/1.1 Mozilla/5.0 (Macintosh; Intel Mac OS X 10_15_7) AppleWebKit/537.36 (KHTML, like Gecko) Chrome/97.0.4692.99 Safari/537.36]
[2022-02-07T17:42:50.524] [INFO] default - [::1 POST /basicsRouter/getAllFormList 200 46ms][http://localhost:8080/ HTTP/1.1 Mozilla/5.0 (Macintosh; Intel Mac OS X 10_15_7) AppleWebKit/537.36 (KHTML, like Gecko) Chrome/97.0.4692.99 Safari/537.36]
[2022-02-07T17:42:51.891] [INFO] default - [::1 POST /basicsRouter/getAllFormConfigurationList 200 37ms][http://localhost:8080/ HTTP/1.1 Mozilla/5.0 (Macintosh; Intel Mac OS X 10_15_7) AppleWebKit/537.36 (KHTML, like Gecko) Chrome/97.0.4692.99 Safari/537.36]
[2022-02-07T17:42:52.991] [INFO] default - [::1 POST /basicsRouter/getAllFormList 200 45ms][http://localhost:8080/ HTTP/1.1 Mozilla/5.0 (Macintosh; Intel Mac OS X 10_15_7) AppleWebKit/537.36 (KHTML, like Gecko) Chrome/97.0.4692.99 Safari/537.36]
[2022-02-07T17:42:53.868] [INFO] default - [::1 POST /basicsRouter/getAllFormConfigurationList 200 59ms][http://localhost:8080/ HTTP/1.1 Mozilla/5.0 (Macintosh; Intel Mac OS X 10_15_7) AppleWebKit/537.36 (KHTML, like Gecko) Chrome/97.0.4692.99 Safari/537.36]
[2022-02-07T17:44:41.344] [INFO] default - [::1 POST /basicsRouter/getAllFormConfigurationList 200 47ms][http://localhost:8080/ HTTP/1.1 Mozilla/5.0 (Macintosh; Intel Mac OS X 10_15_7) AppleWebKit/537.36 (KHTML, like Gecko) Chrome/97.0.4692.99 Safari/537.36]
[2022-02-07T17:44:43.141] [INFO] default - [::1 POST /basicsRouter/addFormConfiguration 200 90ms][http://localhost:8080/ HTTP/1.1 Mozilla/5.0 (Macintosh; Intel Mac OS X 10_15_7) AppleWebKit/537.36 (KHTML, like Gecko) Chrome/97.0.4692.99 Safari/537.36]
[2022-02-07T17:44:57.483] [INFO] default - [::1 POST /basicsRouter/routerpage 200 1053ms][http://localhost:8080/ HTTP/1.1 Mozilla/5.0 (Macintosh; Intel Mac OS X 10_15_7) AppleWebKit/537.36 (KHTML, like Gecko) Chrome/97.0.4692.99 Safari/537.36]
[2022-02-07T17:44:57.848] [INFO] default - [::1 POST /basicsRouter/getAllFormConfigurationList 200 49ms][http://localhost:8080/ HTTP/1.1 Mozilla/5.0 (Macintosh; Intel Mac OS X 10_15_7) AppleWebKit/537.36 (KHTML, like Gecko) Chrome/97.0.4692.99 Safari/537.36]
[2022-02-07T17:45:06.143] [INFO] default - [::1 POST /basicsRouter/addFormConfiguration 200 125ms][http://localhost:8080/ HTTP/1.1 Mozilla/5.0 (Macintosh; Intel Mac OS X 10_15_7) AppleWebKit/537.36 (KHTML, like Gecko) Chrome/97.0.4692.99 Safari/537.36]
[2022-02-07T17:48:02.871] [INFO] default - [::1 POST /basicsRouter/getAllFormConfigurationList 200 10ms][http://localhost:8080/ HTTP/1.1 Mozilla/5.0 (Macintosh; Intel Mac OS X 10_15_7) AppleWebKit/537.36 (KHTML, like Gecko) Chrome/97.0.4692.99 Safari/537.36]
[2022-02-07T17:48:14.132] [INFO] default - [::1 POST /basicsRouter/login 200 73ms][http://localhost:8080/ HTTP/1.1 Mozilla/5.0 (Macintosh; Intel Mac OS X 10_15_7) AppleWebKit/537.36 (KHTML, like Gecko) Chrome/97.0.4692.99 Safari/537.36]
[2022-02-07T17:48:14.212] [INFO] default - [::1 GET /basicsRouter/GetInfo 200 42ms][http://localhost:8080/ HTTP/1.1 Mozilla/5.0 (Macintosh; Intel Mac OS X 10_15_7) AppleWebKit/537.36 (KHTML, like Gecko) Chrome/97.0.4692.99 Safari/537.36]
[2022-02-07T17:48:31.043] [INFO] default - [::1 POST /basicsRouter/routerpage 200 37ms][http://localhost:8080/ HTTP/1.1 Mozilla/5.0 (Macintosh; Intel Mac OS X 10_15_7) AppleWebKit/537.36 (KHTML, like Gecko) Chrome/97.0.4692.99 Safari/537.36]
[2022-02-07T17:48:40.899] [INFO] default - [::1 POST /basicsRouter/routerpage 200 34ms][http://localhost:8080/ HTTP/1.1 Mozilla/5.0 (Macintosh; Intel Mac OS X 10_15_7) AppleWebKit/537.36 (KHTML, like Gecko) Chrome/97.0.4692.99 Safari/537.36]
[2022-02-07T17:48:56.002] [INFO] default - [::1 POST /basicsRouter/login 200 79ms][http://localhost:8080/ HTTP/1.1 Mozilla/5.0 (Macintosh; Intel Mac OS X 10_15_7) AppleWebKit/537.36 (KHTML, like Gecko) Chrome/97.0.4692.99 Safari/537.36]
[2022-02-07T17:48:56.078] [INFO] default - [::1 GET /basicsRouter/GetInfo 200 47ms][http://localhost:8080/ HTTP/1.1 Mozilla/5.0 (Macintosh; Intel Mac OS X 10_15_7) AppleWebKit/537.36 (KHTML, like Gecko) Chrome/97.0.4692.99 Safari/537.36]
[2022-02-07T17:48:56.156] [INFO] default - [::1 POST /basicsRouter/routerpage 200 50ms][http://localhost:8080/ HTTP/1.1 Mozilla/5.0 (Macintosh; Intel Mac OS X 10_15_7) AppleWebKit/537.36 (KHTML, like Gecko) Chrome/97.0.4692.99 Safari/537.36]
[2022-02-07T17:48:59.317] [INFO] default - [::1 POST /basicsRouter/getAllFormList 200 32ms][http://localhost:8080/ HTTP/1.1 Mozilla/5.0 (Macintosh; Intel Mac OS X 10_15_7) AppleWebKit/537.36 (KHTML, like Gecko) Chrome/97.0.4692.99 Safari/537.36]
[2022-02-07T17:49:00.957] [INFO] default - [::1 POST /basicsRouter/getAllFormConfigurationList 200 33ms][http://localhost:8080/ HTTP/1.1 Mozilla/5.0 (Macintosh; Intel Mac OS X 10_15_7) AppleWebKit/537.36 (KHTML, like Gecko) Chrome/97.0.4692.99 Safari/537.36]
[2022-02-07T17:49:07.935] [INFO] default - [::1 POST /basicsRouter/addFormConfiguration 200 236ms][http://localhost:8080/ HTTP/1.1 Mozilla/5.0 (Macintosh; Intel Mac OS X 10_15_7) AppleWebKit/537.36 (KHTML, like Gecko) Chrome/97.0.4692.99 Safari/537.36]
[2022-02-07T17:49:53.338] [INFO] default - [::1 POST /basicsRouter/getAllFormConfigurationList 200 47ms][http://localhost:8080/ HTTP/1.1 Mozilla/5.0 (Macintosh; Intel Mac OS X 10_15_7) AppleWebKit/537.36 (KHTML, like Gecko) Chrome/97.0.4692.99 Safari/537.36]
[2022-02-07T17:49:56.711] [INFO] default - [::1 POST /basicsRouter/getAllFormConfigurationList 200 54ms][http://localhost:8080/ HTTP/1.1 Mozilla/5.0 (Macintosh; Intel Mac OS X 10_15_7) AppleWebKit/537.36 (KHTML, like Gecko) Chrome/97.0.4692.99 Safari/537.36]
[2022-02-07T17:50:06.734] [INFO] default - [::1 POST /basicsRouter/routerpage 200 41ms][http://localhost:8080/ HTTP/1.1 Mozilla/5.0 (Macintosh; Intel Mac OS X 10_15_7) AppleWebKit/537.36 (KHTML, like Gecko) Chrome/97.0.4692.99 Safari/537.36]
[2022-02-07T17:50:07.390] [INFO] default - [::1 POST /basicsRouter/getAllFormConfigurationList 200 40ms][http://localhost:8080/ HTTP/1.1 Mozilla/5.0 (Macintosh; Intel Mac OS X 10_15_7) AppleWebKit/537.36 (KHTML, like Gecko) Chrome/97.0.4692.99 Safari/537.36]
[2022-02-07T17:50:13.301] [INFO] default - [::1 POST /basicsRouter/addFormConfiguration 200 95ms][http://localhost:8080/ HTTP/1.1 Mozilla/5.0 (Macintosh; Intel Mac OS X 10_15_7) AppleWebKit/537.36 (KHTML, like Gecko) Chrome/97.0.4692.99 Safari/537.36]
[2022-02-07T17:50:13.558] [INFO] default - [::1 POST /basicsRouter/getAllFormList 200 38ms][http://localhost:8080/ HTTP/1.1 Mozilla/5.0 (Macintosh; Intel Mac OS X 10_15_7) AppleWebKit/537.36 (KHTML, like Gecko) Chrome/97.0.4692.99 Safari/537.36]
[2022-02-07T17:50:16.450] [INFO] default - [::1 POST /basicsRouter/getAllFormConfigurationList 200 45ms][http://localhost:8080/ HTTP/1.1 Mozilla/5.0 (Macintosh; Intel Mac OS X 10_15_7) AppleWebKit/537.36 (KHTML, like Gecko) Chrome/97.0.4692.99 Safari/537.36]
[2022-02-07T17:50:22.757] [INFO] default - [::1 POST /basicsRouter/getAllFormList 200 34ms][http://localhost:8080/ HTTP/1.1 Mozilla/5.0 (Macintosh; Intel Mac OS X 10_15_7) AppleWebKit/537.36 (KHTML, like Gecko) Chrome/97.0.4692.99 Safari/537.36]
[2022-02-07T17:50:24.594] [INFO] default - [::1 POST /basicsRouter/getAllFormConfigurationList 200 34ms][http://localhost:8080/ HTTP/1.1 Mozilla/5.0 (Macintosh; Intel Mac OS X 10_15_7) AppleWebKit/537.36 (KHTML, like Gecko) Chrome/97.0.4692.99 Safari/537.36]
[2022-02-07T17:50:46.265] [INFO] default - [::1 POST /basicsRouter/addFormConfiguration 200 1102ms][http://localhost:8080/ HTTP/1.1 Mozilla/5.0 (Macintosh; Intel Mac OS X 10_15_7) AppleWebKit/537.36 (KHTML, like Gecko) Chrome/97.0.4692.99 Safari/537.36]
[2022-02-07T17:50:46.433] [INFO] default - [::1 POST /basicsRouter/getAllFormList 200 32ms][http://localhost:8080/ HTTP/1.1 Mozilla/5.0 (Macintosh; Intel Mac OS X 10_15_7) AppleWebKit/537.36 (KHTML, like Gecko) Chrome/97.0.4692.99 Safari/537.36]
[2022-02-07T17:50:49.534] [INFO] default - [::1 POST /basicsRouter/getAllFormConfigurationList 200 43ms][http://localhost:8080/ HTTP/1.1 Mozilla/5.0 (Macintosh; Intel Mac OS X 10_15_7) AppleWebKit/537.36 (KHTML, like Gecko) Chrome/97.0.4692.99 Safari/537.36]
[2022-02-07T17:50:51.156] [INFO] default - [::1 POST /basicsRouter/getAllFormList 200 50ms][http://localhost:8080/ HTTP/1.1 Mozilla/5.0 (Macintosh; Intel Mac OS X 10_15_7) AppleWebKit/537.36 (KHTML, like Gecko) Chrome/97.0.4692.99 Safari/537.36]
[2022-02-07T17:50:52.010] [INFO] default - [::1 POST /basicsRouter/getAllFormConfigurationList 200 51ms][http://localhost:8080/ HTTP/1.1 Mozilla/5.0 (Macintosh; Intel Mac OS X 10_15_7) AppleWebKit/537.36 (KHTML, like Gecko) Chrome/97.0.4692.99 Safari/537.36]
[2022-02-07T17:52:18.673] [INFO] default - [::1 POST /basicsRouter/routerpage 200 34ms][http://localhost:8080/ HTTP/1.1 Mozilla/5.0 (Macintosh; Intel Mac OS X 10_15_7) AppleWebKit/537.36 (KHTML, like Gecko) Chrome/97.0.4692.99 Safari/537.36]
[2022-02-07T17:52:19.277] [INFO] default - [::1 POST /basicsRouter/getAllFormList 200 28ms][http://localhost:8080/ HTTP/1.1 Mozilla/5.0 (Macintosh; Intel Mac OS X 10_15_7) AppleWebKit/537.36 (KHTML, like Gecko) Chrome/97.0.4692.99 Safari/537.36]
[2022-02-07T17:52:21.874] [INFO] default - [::1 POST /basicsRouter/getAllFormConfigurationList 200 35ms][http://localhost:8080/ HTTP/1.1 Mozilla/5.0 (Macintosh; Intel Mac OS X 10_15_7) AppleWebKit/537.36 (KHTML, like Gecko) Chrome/97.0.4692.99 Safari/537.36]
[2022-02-07T17:52:25.479] [INFO] default - [::1 POST /basicsRouter/getAllFormList 200 36ms][http://localhost:8080/ HTTP/1.1 Mozilla/5.0 (Macintosh; Intel Mac OS X 10_15_7) AppleWebKit/537.36 (KHTML, like Gecko) Chrome/97.0.4692.99 Safari/537.36]
[2022-02-07T17:52:27.550] [INFO] default - [::1 POST /basicsRouter/getAllFormConfigurationList 200 37ms][http://localhost:8080/ HTTP/1.1 Mozilla/5.0 (Macintosh; Intel Mac OS X 10_15_7) AppleWebKit/537.36 (KHTML, like Gecko) Chrome/97.0.4692.99 Safari/537.36]
[2022-02-07T17:52:32.188] [INFO] default - [::1 POST /basicsRouter/getAllFormList 200 35ms][http://localhost:8080/ HTTP/1.1 Mozilla/5.0 (Macintosh; Intel Mac OS X 10_15_7) AppleWebKit/537.36 (KHTML, like Gecko) Chrome/97.0.4692.99 Safari/537.36]
[2022-02-07T17:52:33.512] [INFO] default - [::1 POST /basicsRouter/getAllFormConfigurationList 200 34ms][http://localhost:8080/ HTTP/1.1 Mozilla/5.0 (Macintosh; Intel Mac OS X 10_15_7) AppleWebKit/537.36 (KHTML, like Gecko) Chrome/97.0.4692.99 Safari/537.36]
[2022-02-07T17:54:07.533] [INFO] default - [::1 POST /basicsRouter/getAllFormList 200 38ms][http://localhost:8080/ HTTP/1.1 Mozilla/5.0 (Macintosh; Intel Mac OS X 10_15_7) AppleWebKit/537.36 (KHTML, like Gecko) Chrome/97.0.4692.99 Safari/537.36]
[2022-02-07T17:54:09.866] [INFO] default - [::1 POST /basicsRouter/getAllFormConfigurationList 200 1055ms][http://localhost:8080/ HTTP/1.1 Mozilla/5.0 (Macintosh; Intel Mac OS X 10_15_7) AppleWebKit/537.36 (KHTML, like Gecko) Chrome/97.0.4692.99 Safari/537.36]
[2022-02-07T17:57:26.179] [INFO] default - [::1 POST /basicsRouter/getAllFormList 200 37ms][http://localhost:8080/ HTTP/1.1 Mozilla/5.0 (Macintosh; Intel Mac OS X 10_15_7) AppleWebKit/537.36 (KHTML, like Gecko) Chrome/97.0.4692.99 Safari/537.36]
[2022-02-07T17:57:28.774] [INFO] default - [::1 POST /basicsRouter/routerpage 200 44ms][http://localhost:8080/ HTTP/1.1 Mozilla/5.0 (Macintosh; Intel Mac OS X 10_15_7) AppleWebKit/537.36 (KHTML, like Gecko) Chrome/97.0.4692.99 Safari/537.36]
[2022-02-07T17:57:29.361] [INFO] default - [::1 POST /basicsRouter/getAllFormList 200 33ms][http://localhost:8080/ HTTP/1.1 Mozilla/5.0 (Macintosh; Intel Mac OS X 10_15_7) AppleWebKit/537.36 (KHTML, like Gecko) Chrome/97.0.4692.99 Safari/537.36]
[2022-02-07T17:57:32.201] [INFO] default - [::1 POST /basicsRouter/getAllFormConfigurationList 200 36ms][http://localhost:8080/ HTTP/1.1 Mozilla/5.0 (Macintosh; Intel Mac OS X 10_15_7) AppleWebKit/537.36 (KHTML, like Gecko) Chrome/97.0.4692.99 Safari/537.36]
[2022-02-07T17:58:22.621] [INFO] default - [::1 POST /basicsRouter/routerpage 200 73ms][http://localhost:8080/ HTTP/1.1 Mozilla/5.0 (Macintosh; Intel Mac OS X 10_15_7) AppleWebKit/537.36 (KHTML, like Gecko) Chrome/97.0.4692.99 Safari/537.36]
[2022-02-07T17:58:23.081] [INFO] default - [::1 POST /basicsRouter/getAllFormConfigurationList 200 34ms][http://localhost:8080/ HTTP/1.1 Mozilla/5.0 (Macintosh; Intel Mac OS X 10_15_7) AppleWebKit/537.36 (KHTML, like Gecko) Chrome/97.0.4692.99 Safari/537.36]
[2022-02-07T18:12:58.226] [INFO] default - [::1 POST /basicsRouter/routerpage 200 10022ms][http://localhost:8080/ HTTP/1.1 Mozilla/5.0 (Macintosh; Intel Mac OS X 10_15_7) AppleWebKit/537.36 (KHTML, like Gecko) Chrome/97.0.4692.99 Safari/537.36]
[2022-02-07T18:13:19.210] [INFO] default - [::1 POST /basicsRouter/login 200 392ms][http://localhost:8080/ HTTP/1.1 Mozilla/5.0 (Macintosh; Intel Mac OS X 10_15_7) AppleWebKit/537.36 (KHTML, like Gecko) Chrome/97.0.4692.99 Safari/537.36]
[2022-02-07T18:13:19.276] [INFO] default - [::1 GET /basicsRouter/GetInfo 200 43ms][http://localhost:8080/ HTTP/1.1 Mozilla/5.0 (Macintosh; Intel Mac OS X 10_15_7) AppleWebKit/537.36 (KHTML, like Gecko) Chrome/97.0.4692.99 Safari/537.36]
[2022-02-07T18:13:19.364] [INFO] default - [::1 POST /basicsRouter/routerpage 200 66ms][http://localhost:8080/ HTTP/1.1 Mozilla/5.0 (Macintosh; Intel Mac OS X 10_15_7) AppleWebKit/537.36 (KHTML, like Gecko) Chrome/97.0.4692.99 Safari/537.36]
[2022-02-07T18:13:23.428] [INFO] default - [::1 POST /basicsRouter/getAllFormList 200 1039ms][http://localhost:8080/ HTTP/1.1 Mozilla/5.0 (Macintosh; Intel Mac OS X 10_15_7) AppleWebKit/537.36 (KHTML, like Gecko) Chrome/97.0.4692.99 Safari/537.36]
[2022-02-07T18:13:24.937] [INFO] default - [::1 POST /basicsRouter/getAllFormConfigurationList 200 30ms][http://localhost:8080/ HTTP/1.1 Mozilla/5.0 (Macintosh; Intel Mac OS X 10_15_7) AppleWebKit/537.36 (KHTML, like Gecko) Chrome/97.0.4692.99 Safari/537.36]
[2022-02-07T18:14:37.942] [INFO] default - [::1 POST /basicsRouter/getAllFormList 200 10008ms][http://localhost:8080/ HTTP/1.1 Mozilla/5.0 (Macintosh; Intel Mac OS X 10_15_7) AppleWebKit/537.36 (KHTML, like Gecko) Chrome/97.0.4692.99 Safari/537.36]
[2022-02-07T18:14:49.852] [INFO] default - [::1 POST /basicsRouter/getAllFormList 200 1032ms][http://localhost:8080/ HTTP/1.1 Mozilla/5.0 (Macintosh; Intel Mac OS X 10_15_7) AppleWebKit/537.36 (KHTML, like Gecko) Chrome/97.0.4692.99 Safari/537.36]
[2022-02-07T18:14:54.722] [INFO] default - [::1 POST /basicsRouter/getAllFormConfigurationList 200 33ms][http://localhost:8080/ HTTP/1.1 Mozilla/5.0 (Macintosh; Intel Mac OS X 10_15_7) AppleWebKit/537.36 (KHTML, like Gecko) Chrome/97.0.4692.99 Safari/537.36]
[2022-02-07T18:14:55.807] [INFO] default - [::1 POST /basicsRouter/getAllFormList 200 43ms][http://localhost:8080/ HTTP/1.1 Mozilla/5.0 (Macintosh; Intel Mac OS X 10_15_7) AppleWebKit/537.36 (KHTML, like Gecko) Chrome/97.0.4692.99 Safari/537.36]
[2022-02-07T18:14:57.142] [INFO] default - [::1 POST /basicsRouter/getAllFormConfigurationList 200 46ms][http://localhost:8080/ HTTP/1.1 Mozilla/5.0 (Macintosh; Intel Mac OS X 10_15_7) AppleWebKit/537.36 (KHTML, like Gecko) Chrome/97.0.4692.99 Safari/537.36]
[2022-02-07T18:15:01.789] [INFO] default - [::1 POST /basicsRouter/getAllFormList 200 46ms][http://localhost:8080/ HTTP/1.1 Mozilla/5.0 (Macintosh; Intel Mac OS X 10_15_7) AppleWebKit/537.36 (KHTML, like Gecko) Chrome/97.0.4692.99 Safari/537.36]
[2022-02-07T18:15:07.560] [INFO] default - [::1 POST /basicsRouter/getAllFormConfigurationList 200 36ms][http://localhost:8080/ HTTP/1.1 Mozilla/5.0 (Macintosh; Intel Mac OS X 10_15_7) AppleWebKit/537.36 (KHTML, like Gecko) Chrome/97.0.4692.99 Safari/537.36]
