[2022-01-13T13:46:52.429] [INFO] default - [::1 POST /basicsRouter/login 200 25ms][http://localhost:8080/ HTTP/1.1 Mozilla/5.0 (Macintosh; Intel Mac OS X 10_15_7) AppleWebKit/537.36 (KHTML, like Gecko) Chrome/96.0.4664.110 Safari/537.36]
[2022-01-13T13:46:52.459] [INFO] default - [::1 GET /basicsRouter/GetInfo 200 13ms][http://localhost:8080/ HTTP/1.1 Mozilla/5.0 (Macintosh; Intel Mac OS X 10_15_7) AppleWebKit/537.36 (KHTML, like Gecko) Chrome/96.0.4664.110 Safari/537.36]
[2022-01-13T13:46:52.496] [INFO] default - [::1 POST /basicsRouter/routerpage 200 13ms][http://localhost:8080/ HTTP/1.1 Mozilla/5.0 (Macintosh; Intel Mac OS X 10_15_7) AppleWebKit/537.36 (KHTML, like Gecko) Chrome/96.0.4664.110 Safari/537.36]
[2022-01-13T13:46:58.231] [INFO] default - [::1 POST /basicsRouter/getAllFormList 200 14ms][http://localhost:8080/ HTTP/1.1 Mozilla/5.0 (Macintosh; Intel Mac OS X 10_15_7) AppleWebKit/537.36 (KHTML, like Gecko) Chrome/96.0.4664.110 Safari/537.36]
[2022-01-13T13:50:25.581] [INFO] default - [::1 POST /basicsRouter/routerpage 200 392ms][http://localhost:8080/ HTTP/1.1 Mozilla/5.0 (Macintosh; Intel Mac OS X 10_15_7) AppleWebKit/537.36 (KHTML, like Gecko) Chrome/96.0.4664.110 Safari/537.36]
[2022-01-13T13:51:47.237] [INFO] default - [::1 POST /basicsRouter/routerpage 200 16ms][http://localhost:8080/ HTTP/1.1 Mozilla/5.0 (Macintosh; Intel Mac OS X 10_15_7) AppleWebKit/537.36 (KHTML, like Gecko) Chrome/96.0.4664.110 Safari/537.36]
[2022-01-13T13:53:36.478] [INFO] default - [::1 POST /basicsRouter/alluserpage 200 34ms][http://localhost:8080/ HTTP/1.1 Mozilla/5.0 (Macintosh; Intel Mac OS X 10_15_7) AppleWebKit/537.36 (KHTML, like Gecko) Chrome/96.0.4664.110 Safari/537.36]
[2022-01-13T13:53:37.513] [INFO] default - [::1 POST /basicsRouter/getAllFormList 200 12ms][http://localhost:8080/ HTTP/1.1 Mozilla/5.0 (Macintosh; Intel Mac OS X 10_15_7) AppleWebKit/537.36 (KHTML, like Gecko) Chrome/96.0.4664.110 Safari/537.36]
[2022-01-13T13:53:41.050] [INFO] default - [::1 POST /basicsRouter/alluserpage 200 12ms][http://localhost:8080/ HTTP/1.1 Mozilla/5.0 (Macintosh; Intel Mac OS X 10_15_7) AppleWebKit/537.36 (KHTML, like Gecko) Chrome/96.0.4664.110 Safari/537.36]
[2022-01-13T13:54:16.871] [INFO] default - [::1 POST /basicsRouter/getAllFormList 200 13ms][http://localhost:8080/ HTTP/1.1 Mozilla/5.0 (Macintosh; Intel Mac OS X 10_15_7) AppleWebKit/537.36 (KHTML, like Gecko) Chrome/96.0.4664.110 Safari/537.36]
[2022-01-13T13:56:46.649] [INFO] default - [::1 POST /basicsRouter/routerpage 200 14ms][http://localhost:8080/ HTTP/1.1 Mozilla/5.0 (Macintosh; Intel Mac OS X 10_15_7) AppleWebKit/537.36 (KHTML, like Gecko) Chrome/96.0.4664.110 Safari/537.36]
[2022-01-13T13:56:46.948] [INFO] default - [::1 POST /basicsRouter/getAllFormList 200 11ms][http://localhost:8080/ HTTP/1.1 Mozilla/5.0 (Macintosh; Intel Mac OS X 10_15_7) AppleWebKit/537.36 (KHTML, like Gecko) Chrome/96.0.4664.110 Safari/537.36]
[2022-01-13T13:56:59.980] [INFO] default - [::1 POST /basicsRouter/routerpage 200 16ms][http://localhost:8080/ HTTP/1.1 Mozilla/5.0 (Macintosh; Intel Mac OS X 10_15_7) AppleWebKit/537.36 (KHTML, like Gecko) Chrome/96.0.4664.110 Safari/537.36]
[2022-01-13T13:58:17.180] [INFO] default - [::1 POST /basicsRouter/routerpage 200 15ms][http://localhost:8080/ HTTP/1.1 Mozilla/5.0 (Macintosh; Intel Mac OS X 10_15_7) AppleWebKit/537.36 (KHTML, like Gecko) Chrome/96.0.4664.110 Safari/537.36]
[2022-01-13T14:03:02.675] [INFO] default - [::1 POST /basicsRouter/routerpage 200 4ms][http://localhost:8080/ HTTP/1.1 Mozilla/5.0 (Macintosh; Intel Mac OS X 10_15_7) AppleWebKit/537.36 (KHTML, like Gecko) Chrome/96.0.4664.110 Safari/537.36]
[2022-01-13T14:03:11.491] [INFO] default - [::1 POST /basicsRouter/login 200 4ms][http://localhost:8080/ HTTP/1.1 Mozilla/5.0 (Macintosh; Intel Mac OS X 10_15_7) AppleWebKit/537.36 (KHTML, like Gecko) Chrome/96.0.4664.110 Safari/537.36]
[2022-01-13T14:03:11.514] [INFO] default - [::1 GET /basicsRouter/GetInfo 200 4ms][http://localhost:8080/ HTTP/1.1 Mozilla/5.0 (Macintosh; Intel Mac OS X 10_15_7) AppleWebKit/537.36 (KHTML, like Gecko) Chrome/96.0.4664.110 Safari/537.36]
[2022-01-13T14:03:11.543] [INFO] default - [::1 POST /basicsRouter/routerpage 200 5ms][http://localhost:8080/ HTTP/1.1 Mozilla/5.0 (Macintosh; Intel Mac OS X 10_15_7) AppleWebKit/537.36 (KHTML, like Gecko) Chrome/96.0.4664.110 Safari/537.36]
[2022-01-13T14:03:13.485] [INFO] default - [::1 POST /basicsRouter/login 200 2ms][http://localhost:8080/ HTTP/1.1 Mozilla/5.0 (Macintosh; Intel Mac OS X 10_15_7) AppleWebKit/537.36 (KHTML, like Gecko) Chrome/96.0.4664.110 Safari/537.36]
[2022-01-13T14:03:13.494] [INFO] default - [::1 GET /basicsRouter/GetInfo 304 2ms][http://localhost:8080/ HTTP/1.1 Mozilla/5.0 (Macintosh; Intel Mac OS X 10_15_7) AppleWebKit/537.36 (KHTML, like Gecko) Chrome/96.0.4664.110 Safari/537.36]
[2022-01-13T14:03:13.507] [INFO] default - [::1 POST /basicsRouter/routerpage 200 3ms][http://localhost:8080/ HTTP/1.1 Mozilla/5.0 (Macintosh; Intel Mac OS X 10_15_7) AppleWebKit/537.36 (KHTML, like Gecko) Chrome/96.0.4664.110 Safari/537.36]
[2022-01-13T14:03:13.764] [INFO] default - [::1 POST /basicsRouter/login 200 3ms][http://localhost:8080/ HTTP/1.1 Mozilla/5.0 (Macintosh; Intel Mac OS X 10_15_7) AppleWebKit/537.36 (KHTML, like Gecko) Chrome/96.0.4664.110 Safari/537.36]
[2022-01-13T14:03:13.773] [INFO] default - [::1 GET /basicsRouter/GetInfo 304 2ms][http://localhost:8080/ HTTP/1.1 Mozilla/5.0 (Macintosh; Intel Mac OS X 10_15_7) AppleWebKit/537.36 (KHTML, like Gecko) Chrome/96.0.4664.110 Safari/537.36]
[2022-01-13T14:03:13.788] [INFO] default - [::1 POST /basicsRouter/routerpage 200 4ms][http://localhost:8080/ HTTP/1.1 Mozilla/5.0 (Macintosh; Intel Mac OS X 10_15_7) AppleWebKit/537.36 (KHTML, like Gecko) Chrome/96.0.4664.110 Safari/537.36]
[2022-01-13T14:03:13.952] [INFO] default - [::1 POST /basicsRouter/login 200 2ms][http://localhost:8080/ HTTP/1.1 Mozilla/5.0 (Macintosh; Intel Mac OS X 10_15_7) AppleWebKit/537.36 (KHTML, like Gecko) Chrome/96.0.4664.110 Safari/537.36]
[2022-01-13T14:03:13.962] [INFO] default - [::1 GET /basicsRouter/GetInfo 304 2ms][http://localhost:8080/ HTTP/1.1 Mozilla/5.0 (Macintosh; Intel Mac OS X 10_15_7) AppleWebKit/537.36 (KHTML, like Gecko) Chrome/96.0.4664.110 Safari/537.36]
[2022-01-13T14:03:13.977] [INFO] default - [::1 POST /basicsRouter/routerpage 200 3ms][http://localhost:8080/ HTTP/1.1 Mozilla/5.0 (Macintosh; Intel Mac OS X 10_15_7) AppleWebKit/537.36 (KHTML, like Gecko) Chrome/96.0.4664.110 Safari/537.36]
[2022-01-13T14:03:14.130] [INFO] default - [::1 POST /basicsRouter/login 200 4ms][http://localhost:8080/ HTTP/1.1 Mozilla/5.0 (Macintosh; Intel Mac OS X 10_15_7) AppleWebKit/537.36 (KHTML, like Gecko) Chrome/96.0.4664.110 Safari/537.36]
[2022-01-13T14:03:14.140] [INFO] default - [::1 GET /basicsRouter/GetInfo 304 2ms][http://localhost:8080/ HTTP/1.1 Mozilla/5.0 (Macintosh; Intel Mac OS X 10_15_7) AppleWebKit/537.36 (KHTML, like Gecko) Chrome/96.0.4664.110 Safari/537.36]
[2022-01-13T14:03:14.151] [INFO] default - [::1 POST /basicsRouter/routerpage 200 3ms][http://localhost:8080/ HTTP/1.1 Mozilla/5.0 (Macintosh; Intel Mac OS X 10_15_7) AppleWebKit/537.36 (KHTML, like Gecko) Chrome/96.0.4664.110 Safari/537.36]
[2022-01-13T14:03:14.271] [INFO] default - [::1 POST /basicsRouter/login 200 1ms][http://localhost:8080/ HTTP/1.1 Mozilla/5.0 (Macintosh; Intel Mac OS X 10_15_7) AppleWebKit/537.36 (KHTML, like Gecko) Chrome/96.0.4664.110 Safari/537.36]
[2022-01-13T14:03:14.283] [INFO] default - [::1 GET /basicsRouter/GetInfo 304 4ms][http://localhost:8080/ HTTP/1.1 Mozilla/5.0 (Macintosh; Intel Mac OS X 10_15_7) AppleWebKit/537.36 (KHTML, like Gecko) Chrome/96.0.4664.110 Safari/537.36]
[2022-01-13T14:03:14.294] [INFO] default - [::1 POST /basicsRouter/routerpage 200 1ms][http://localhost:8080/ HTTP/1.1 Mozilla/5.0 (Macintosh; Intel Mac OS X 10_15_7) AppleWebKit/537.36 (KHTML, like Gecko) Chrome/96.0.4664.110 Safari/537.36]
[2022-01-13T14:03:14.432] [INFO] default - [::1 POST /basicsRouter/login 200 2ms][http://localhost:8080/ HTTP/1.1 Mozilla/5.0 (Macintosh; Intel Mac OS X 10_15_7) AppleWebKit/537.36 (KHTML, like Gecko) Chrome/96.0.4664.110 Safari/537.36]
[2022-01-13T14:03:14.441] [INFO] default - [::1 GET /basicsRouter/GetInfo 304 2ms][http://localhost:8080/ HTTP/1.1 Mozilla/5.0 (Macintosh; Intel Mac OS X 10_15_7) AppleWebKit/537.36 (KHTML, like Gecko) Chrome/96.0.4664.110 Safari/537.36]
[2022-01-13T14:03:14.452] [INFO] default - [::1 POST /basicsRouter/routerpage 200 2ms][http://localhost:8080/ HTTP/1.1 Mozilla/5.0 (Macintosh; Intel Mac OS X 10_15_7) AppleWebKit/537.36 (KHTML, like Gecko) Chrome/96.0.4664.110 Safari/537.36]
[2022-01-13T14:03:14.595] [INFO] default - [::1 POST /basicsRouter/login 200 2ms][http://localhost:8080/ HTTP/1.1 Mozilla/5.0 (Macintosh; Intel Mac OS X 10_15_7) AppleWebKit/537.36 (KHTML, like Gecko) Chrome/96.0.4664.110 Safari/537.36]
[2022-01-13T14:03:14.608] [INFO] default - [::1 GET /basicsRouter/GetInfo 304 3ms][http://localhost:8080/ HTTP/1.1 Mozilla/5.0 (Macintosh; Intel Mac OS X 10_15_7) AppleWebKit/537.36 (KHTML, like Gecko) Chrome/96.0.4664.110 Safari/537.36]
[2022-01-13T14:03:14.621] [INFO] default - [::1 POST /basicsRouter/routerpage 200 2ms][http://localhost:8080/ HTTP/1.1 Mozilla/5.0 (Macintosh; Intel Mac OS X 10_15_7) AppleWebKit/537.36 (KHTML, like Gecko) Chrome/96.0.4664.110 Safari/537.36]
[2022-01-13T14:03:14.777] [INFO] default - [::1 POST /basicsRouter/login 200 3ms][http://localhost:8080/ HTTP/1.1 Mozilla/5.0 (Macintosh; Intel Mac OS X 10_15_7) AppleWebKit/537.36 (KHTML, like Gecko) Chrome/96.0.4664.110 Safari/537.36]
[2022-01-13T14:03:14.791] [INFO] default - [::1 GET /basicsRouter/GetInfo 304 2ms][http://localhost:8080/ HTTP/1.1 Mozilla/5.0 (Macintosh; Intel Mac OS X 10_15_7) AppleWebKit/537.36 (KHTML, like Gecko) Chrome/96.0.4664.110 Safari/537.36]
[2022-01-13T14:03:14.805] [INFO] default - [::1 POST /basicsRouter/routerpage 200 3ms][http://localhost:8080/ HTTP/1.1 Mozilla/5.0 (Macintosh; Intel Mac OS X 10_15_7) AppleWebKit/537.36 (KHTML, like Gecko) Chrome/96.0.4664.110 Safari/537.36]
[2022-01-13T14:03:25.672] [INFO] default - [::1 POST /basicsRouter/login 200 3ms][http://localhost:8080/ HTTP/1.1 Mozilla/5.0 (Macintosh; Intel Mac OS X 10_15_7) AppleWebKit/537.36 (KHTML, like Gecko) Chrome/96.0.4664.110 Safari/537.36]
[2022-01-13T14:03:25.687] [INFO] default - [::1 GET /basicsRouter/GetInfo 304 3ms][http://localhost:8080/ HTTP/1.1 Mozilla/5.0 (Macintosh; Intel Mac OS X 10_15_7) AppleWebKit/537.36 (KHTML, like Gecko) Chrome/96.0.4664.110 Safari/537.36]
[2022-01-13T14:03:25.700] [INFO] default - [::1 POST /basicsRouter/routerpage 200 4ms][http://localhost:8080/ HTTP/1.1 Mozilla/5.0 (Macintosh; Intel Mac OS X 10_15_7) AppleWebKit/537.36 (KHTML, like Gecko) Chrome/96.0.4664.110 Safari/537.36]
[2022-01-13T14:03:52.040] [INFO] default - [::1 POST /basicsRouter/login 200 24ms][http://localhost:8080/ HTTP/1.1 Mozilla/5.0 (Macintosh; Intel Mac OS X 10_15_7) AppleWebKit/537.36 (KHTML, like Gecko) Chrome/96.0.4664.110 Safari/537.36]
[2022-01-13T14:03:52.075] [INFO] default - [::1 GET /basicsRouter/GetInfo 200 16ms][http://localhost:8080/ HTTP/1.1 Mozilla/5.0 (Macintosh; Intel Mac OS X 10_15_7) AppleWebKit/537.36 (KHTML, like Gecko) Chrome/96.0.4664.110 Safari/537.36]
[2022-01-13T14:03:52.110] [INFO] default - [::1 POST /basicsRouter/routerpage 200 17ms][http://localhost:8080/ HTTP/1.1 Mozilla/5.0 (Macintosh; Intel Mac OS X 10_15_7) AppleWebKit/537.36 (KHTML, like Gecko) Chrome/96.0.4664.110 Safari/537.36]
[2022-01-13T14:05:24.046] [INFO] default - [::1 POST /basicsRouter/getAllFormList 200 18ms][http://localhost:8080/ HTTP/1.1 Mozilla/5.0 (Macintosh; Intel Mac OS X 10_15_7) AppleWebKit/537.36 (KHTML, like Gecko) Chrome/96.0.4664.110 Safari/537.36]
[2022-01-13T14:05:29.228] [INFO] default - [::1 POST /basicsRouter/routerpage 200 16ms][http://localhost:8080/ HTTP/1.1 Mozilla/5.0 (Macintosh; Intel Mac OS X 10_15_7) AppleWebKit/537.36 (KHTML, like Gecko) Chrome/96.0.4664.110 Safari/537.36]
[2022-01-13T14:06:33.177] [INFO] default - [::1 POST /basicsRouter/routerpage 200 11ms][http://localhost:8080/ HTTP/1.1 Mozilla/5.0 (Macintosh; Intel Mac OS X 10_15_7) AppleWebKit/537.36 (KHTML, like Gecko) Chrome/96.0.4664.110 Safari/537.36]
[2022-01-13T14:08:28.864] [INFO] default - [::1 POST /basicsRouter/routerpage 200 13ms][http://localhost:8080/ HTTP/1.1 Mozilla/5.0 (Macintosh; Intel Mac OS X 10_15_7) AppleWebKit/537.36 (KHTML, like Gecko) Chrome/96.0.4664.110 Safari/537.36]
[2022-01-13T14:08:55.171] [INFO] default - [::1 POST /basicsRouter/routerpage 200 12ms][http://localhost:8080/ HTTP/1.1 Mozilla/5.0 (Macintosh; Intel Mac OS X 10_15_7) AppleWebKit/537.36 (KHTML, like Gecko) Chrome/96.0.4664.110 Safari/537.36]
[2022-01-13T14:11:50.183] [INFO] default - [::1 POST /basicsRouter/routerpage 200 13ms][http://localhost:8080/ HTTP/1.1 Mozilla/5.0 (Macintosh; Intel Mac OS X 10_15_7) AppleWebKit/537.36 (KHTML, like Gecko) Chrome/96.0.4664.110 Safari/537.36]
[2022-01-13T14:12:55.820] [INFO] default - [::1 POST /basicsRouter/routerpage 200 11ms][http://localhost:8080/ HTTP/1.1 Mozilla/5.0 (Macintosh; Intel Mac OS X 10_15_7) AppleWebKit/537.36 (KHTML, like Gecko) Chrome/96.0.4664.110 Safari/537.36]
[2022-01-13T14:13:10.885] [INFO] default - [::1 POST /basicsRouter/routerpage 200 12ms][http://localhost:8080/ HTTP/1.1 Mozilla/5.0 (Macintosh; Intel Mac OS X 10_15_7) AppleWebKit/537.36 (KHTML, like Gecko) Chrome/96.0.4664.110 Safari/537.36]
[2022-01-13T14:14:10.518] [INFO] default - [::1 POST /basicsRouter/alluserpage 200 14ms][http://localhost:8080/ HTTP/1.1 Mozilla/5.0 (Macintosh; Intel Mac OS X 10_15_7) AppleWebKit/537.36 (KHTML, like Gecko) Chrome/96.0.4664.110 Safari/537.36]
[2022-01-13T14:14:11.393] [INFO] default - [::1 POST /basicsRouter/getAllFormList 200 11ms][http://localhost:8080/ HTTP/1.1 Mozilla/5.0 (Macintosh; Intel Mac OS X 10_15_7) AppleWebKit/537.36 (KHTML, like Gecko) Chrome/96.0.4664.110 Safari/537.36]
[2022-01-13T14:18:01.807] [INFO] default - [::1 POST /basicsRouter/routerpage 200 13ms][http://localhost:8080/ HTTP/1.1 Mozilla/5.0 (Macintosh; Intel Mac OS X 10_15_7) AppleWebKit/537.36 (KHTML, like Gecko) Chrome/96.0.4664.110 Safari/537.36]
[2022-01-13T14:18:11.869] [INFO] default - [::1 POST /basicsRouter/allRoleManagement 200 10ms][http://localhost:8080/ HTTP/1.1 Mozilla/5.0 (Macintosh; Intel Mac OS X 10_15_7) AppleWebKit/537.36 (KHTML, like Gecko) Chrome/96.0.4664.110 Safari/537.36]
[2022-01-13T14:18:13.440] [INFO] default - [::1 POST /basicsRouter/routerpage 200 12ms][http://localhost:8080/ HTTP/1.1 Mozilla/5.0 (Macintosh; Intel Mac OS X 10_15_7) AppleWebKit/537.36 (KHTML, like Gecko) Chrome/96.0.4664.110 Safari/537.36]
[2022-01-13T14:18:13.448] [INFO] default - [::1 POST /basicsRouter/allRolePermissions 200 15ms][http://localhost:8080/ HTTP/1.1 Mozilla/5.0 (Macintosh; Intel Mac OS X 10_15_7) AppleWebKit/537.36 (KHTML, like Gecko) Chrome/96.0.4664.110 Safari/537.36]
[2022-01-13T14:18:18.132] [INFO] default - [::1 POST /basicsRouter/getAllFormList 200 11ms][http://localhost:8080/ HTTP/1.1 Mozilla/5.0 (Macintosh; Intel Mac OS X 10_15_7) AppleWebKit/537.36 (KHTML, like Gecko) Chrome/96.0.4664.110 Safari/537.36]
[2022-01-13T14:18:19.669] [INFO] default - [::1 POST /basicsRouter/allRoleManagement 200 11ms][http://localhost:8080/ HTTP/1.1 Mozilla/5.0 (Macintosh; Intel Mac OS X 10_15_7) AppleWebKit/537.36 (KHTML, like Gecko) Chrome/96.0.4664.110 Safari/537.36]
[2022-01-13T14:18:22.134] [INFO] default - [::1 POST /basicsRouter/routerpage 200 13ms][http://localhost:8080/ HTTP/1.1 Mozilla/5.0 (Macintosh; Intel Mac OS X 10_15_7) AppleWebKit/537.36 (KHTML, like Gecko) Chrome/96.0.4664.110 Safari/537.36]
[2022-01-13T14:18:22.150] [INFO] default - [::1 POST /basicsRouter/allRolePermissions 200 26ms][http://localhost:8080/ HTTP/1.1 Mozilla/5.0 (Macintosh; Intel Mac OS X 10_15_7) AppleWebKit/537.36 (KHTML, like Gecko) Chrome/96.0.4664.110 Safari/537.36]
[2022-01-13T14:19:24.931] [INFO] default - [::1 POST /basicsRouter/getAllFormList 200 14ms][http://localhost:8080/ HTTP/1.1 Mozilla/5.0 (Macintosh; Intel Mac OS X 10_15_7) AppleWebKit/537.36 (KHTML, like Gecko) Chrome/96.0.4664.110 Safari/537.36]
[2022-01-13T14:20:06.413] [INFO] default - [::1 POST /basicsRouter/routerpage 200 16ms][http://localhost:8080/ HTTP/1.1 Mozilla/5.0 (Macintosh; Intel Mac OS X 10_15_7) AppleWebKit/537.36 (KHTML, like Gecko) Chrome/96.0.4664.110 Safari/537.36]
[2022-01-13T14:20:23.339] [INFO] default - [::1 POST /basicsRouter/routerpage 200 13ms][http://localhost:8080/ HTTP/1.1 Mozilla/5.0 (Macintosh; Intel Mac OS X 10_15_7) AppleWebKit/537.36 (KHTML, like Gecko) Chrome/96.0.4664.110 Safari/537.36]
[2022-01-13T14:20:26.893] [INFO] default - [::1 POST /basicsRouter/getAllFormList 200 10ms][http://localhost:8080/ HTTP/1.1 Mozilla/5.0 (Macintosh; Intel Mac OS X 10_15_7) AppleWebKit/537.36 (KHTML, like Gecko) Chrome/96.0.4664.110 Safari/537.36]
[2022-01-13T14:20:41.696] [INFO] default - [::1 POST /basicsRouter/getAllFormList 200 11ms][http://localhost:8080/ HTTP/1.1 Mozilla/5.0 (Macintosh; Intel Mac OS X 10_15_7) AppleWebKit/537.36 (KHTML, like Gecko) Chrome/96.0.4664.110 Safari/537.36]
[2022-01-13T14:22:31.190] [INFO] default - [::1 POST /basicsRouter/routerpage 200 13ms][http://localhost:8080/ HTTP/1.1 Mozilla/5.0 (Macintosh; Intel Mac OS X 10_15_7) AppleWebKit/537.36 (KHTML, like Gecko) Chrome/96.0.4664.110 Safari/537.36]
[2022-01-13T14:22:44.375] [INFO] default - [::1 POST /basicsRouter/routerpage 200 14ms][http://localhost:8080/ HTTP/1.1 Mozilla/5.0 (Macintosh; Intel Mac OS X 10_15_7) AppleWebKit/537.36 (KHTML, like Gecko) Chrome/96.0.4664.110 Safari/537.36]
[2022-01-13T14:24:12.536] [INFO] default - [::1 POST /basicsRouter/routerpage 200 12ms][http://localhost:8080/ HTTP/1.1 Mozilla/5.0 (Macintosh; Intel Mac OS X 10_15_7) AppleWebKit/537.36 (KHTML, like Gecko) Chrome/96.0.4664.110 Safari/537.36]
[2022-01-13T14:25:18.257] [INFO] default - [::1 POST /basicsRouter/routerpage 200 16ms][http://localhost:8080/ HTTP/1.1 Mozilla/5.0 (Macintosh; Intel Mac OS X 10_15_7) AppleWebKit/537.36 (KHTML, like Gecko) Chrome/96.0.4664.110 Safari/537.36]
[2022-01-13T14:25:50.272] [INFO] default - [::1 POST /basicsRouter/routerpage 200 15ms][http://localhost:8080/ HTTP/1.1 Mozilla/5.0 (Macintosh; Intel Mac OS X 10_15_7) AppleWebKit/537.36 (KHTML, like Gecko) Chrome/96.0.4664.110 Safari/537.36]
[2022-01-13T14:25:54.282] [INFO] default - [::1 POST /basicsRouter/getAllFormList 200 12ms][http://localhost:8080/ HTTP/1.1 Mozilla/5.0 (Macintosh; Intel Mac OS X 10_15_7) AppleWebKit/537.36 (KHTML, like Gecko) Chrome/96.0.4664.110 Safari/537.36]
[2022-01-13T14:27:22.218] [INFO] default - [::1 POST /basicsRouter/routerpage 200 15ms][http://localhost:8080/ HTTP/1.1 Mozilla/5.0 (Macintosh; Intel Mac OS X 10_15_7) AppleWebKit/537.36 (KHTML, like Gecko) Chrome/96.0.4664.110 Safari/537.36]
[2022-01-13T14:28:03.173] [INFO] default - [::1 POST /basicsRouter/routerpage 200 16ms][http://localhost:8080/ HTTP/1.1 Mozilla/5.0 (Macintosh; Intel Mac OS X 10_15_7) AppleWebKit/537.36 (KHTML, like Gecko) Chrome/96.0.4664.110 Safari/537.36]
[2022-01-13T14:28:06.816] [INFO] default - [::1 POST /basicsRouter/routerpage 200 11ms][http://localhost:8080/ HTTP/1.1 Mozilla/5.0 (Macintosh; Intel Mac OS X 10_15_7) AppleWebKit/537.36 (KHTML, like Gecko) Chrome/96.0.4664.110 Safari/537.36]
[2022-01-13T14:28:24.165] [INFO] default - [::1 POST /basicsRouter/routerpage 200 13ms][http://localhost:8080/ HTTP/1.1 Mozilla/5.0 (Macintosh; Intel Mac OS X 10_15_7) AppleWebKit/537.36 (KHTML, like Gecko) Chrome/96.0.4664.110 Safari/537.36]
[2022-01-13T14:28:34.797] [INFO] default - [::1 POST /basicsRouter/getAllFormList 200 10ms][http://localhost:8080/ HTTP/1.1 Mozilla/5.0 (Macintosh; Intel Mac OS X 10_15_7) AppleWebKit/537.36 (KHTML, like Gecko) Chrome/96.0.4664.110 Safari/537.36]
[2022-01-13T14:29:17.567] [INFO] default - [::1 POST /basicsRouter/routerpage 200 18ms][http://localhost:8080/ HTTP/1.1 Mozilla/5.0 (Macintosh; Intel Mac OS X 10_15_7) AppleWebKit/537.36 (KHTML, like Gecko) Chrome/96.0.4664.110 Safari/537.36]
[2022-01-13T14:29:57.368] [INFO] default - [::1 POST /basicsRouter/routerpage 200 11ms][http://localhost:8080/ HTTP/1.1 Mozilla/5.0 (Macintosh; Intel Mac OS X 10_15_7) AppleWebKit/537.36 (KHTML, like Gecko) Chrome/96.0.4664.110 Safari/537.36]
[2022-01-13T14:30:20.859] [INFO] default - [::1 POST /basicsRouter/routerpage 200 10ms][http://localhost:8080/ HTTP/1.1 Mozilla/5.0 (Macintosh; Intel Mac OS X 10_15_7) AppleWebKit/537.36 (KHTML, like Gecko) Chrome/96.0.4664.110 Safari/537.36]
[2022-01-13T14:30:31.896] [INFO] default - [::1 POST /basicsRouter/routerpage 200 14ms][http://localhost:8080/ HTTP/1.1 Mozilla/5.0 (Macintosh; Intel Mac OS X 10_15_7) AppleWebKit/537.36 (KHTML, like Gecko) Chrome/96.0.4664.110 Safari/537.36]
[2022-01-13T14:30:59.255] [INFO] default - [::1 POST /basicsRouter/routerpage 200 13ms][http://localhost:8080/ HTTP/1.1 Mozilla/5.0 (Macintosh; Intel Mac OS X 10_15_7) AppleWebKit/537.36 (KHTML, like Gecko) Chrome/96.0.4664.110 Safari/537.36]
[2022-01-13T14:31:04.316] [INFO] default - [::1 POST /basicsRouter/getAllFormList 200 12ms][http://localhost:8080/ HTTP/1.1 Mozilla/5.0 (Macintosh; Intel Mac OS X 10_15_7) AppleWebKit/537.36 (KHTML, like Gecko) Chrome/96.0.4664.110 Safari/537.36]
[2022-01-13T14:31:56.092] [INFO] default - [::1 POST /basicsRouter/getAllFormList 200 14ms][http://localhost:8080/ HTTP/1.1 Mozilla/5.0 (Macintosh; Intel Mac OS X 10_15_7) AppleWebKit/537.36 (KHTML, like Gecko) Chrome/96.0.4664.110 Safari/537.36]
[2022-01-13T14:31:58.465] [INFO] default - [::1 POST /basicsRouter/routerpage 200 12ms][http://localhost:8080/ HTTP/1.1 Mozilla/5.0 (Macintosh; Intel Mac OS X 10_15_7) AppleWebKit/537.36 (KHTML, like Gecko) Chrome/96.0.4664.110 Safari/537.36]
[2022-01-13T14:31:58.930] [INFO] default - [::1 POST /basicsRouter/getAllFormList 200 11ms][http://localhost:8080/ HTTP/1.1 Mozilla/5.0 (Macintosh; Intel Mac OS X 10_15_7) AppleWebKit/537.36 (KHTML, like Gecko) Chrome/96.0.4664.110 Safari/537.36]
[2022-01-13T14:32:06.164] [INFO] default - [::1 POST /basicsRouter/getAllFormList 200 10ms][http://localhost:8080/ HTTP/1.1 Mozilla/5.0 (Macintosh; Intel Mac OS X 10_15_7) AppleWebKit/537.36 (KHTML, like Gecko) Chrome/96.0.4664.110 Safari/537.36]
[2022-01-13T14:32:09.156] [INFO] default - [::1 POST /basicsRouter/alluserpage 200 11ms][http://localhost:8080/ HTTP/1.1 Mozilla/5.0 (Macintosh; Intel Mac OS X 10_15_7) AppleWebKit/537.36 (KHTML, like Gecko) Chrome/96.0.4664.110 Safari/537.36]
[2022-01-13T14:36:21.292] [INFO] default - [::1 POST /basicsRouter/routerpage 200 21ms][http://localhost:8080/ HTTP/1.1 Mozilla/5.0 (Macintosh; Intel Mac OS X 10_15_7) AppleWebKit/537.36 (KHTML, like Gecko) Chrome/96.0.4664.110 Safari/537.36]
[2022-01-13T14:36:21.738] [INFO] default - [::1 POST /basicsRouter/alluserpage 200 11ms][http://localhost:8080/ HTTP/1.1 Mozilla/5.0 (Macintosh; Intel Mac OS X 10_15_7) AppleWebKit/537.36 (KHTML, like Gecko) Chrome/96.0.4664.110 Safari/537.36]
[2022-01-13T14:36:30.406] [INFO] default - [::1 POST /basicsRouter/getAllFormList 200 11ms][http://localhost:8080/ HTTP/1.1 Mozilla/5.0 (Macintosh; Intel Mac OS X 10_15_7) AppleWebKit/537.36 (KHTML, like Gecko) Chrome/96.0.4664.110 Safari/537.36]
[2022-01-13T14:39:50.633] [INFO] default - [::1 POST /basicsRouter/routerpage 200 12ms][http://localhost:8080/ HTTP/1.1 Mozilla/5.0 (Macintosh; Intel Mac OS X 10_15_7) AppleWebKit/537.36 (KHTML, like Gecko) Chrome/96.0.4664.110 Safari/537.36]
[2022-01-13T14:39:52.528] [INFO] default - [::1 POST /basicsRouter/routerpage 200 12ms][http://localhost:8080/ HTTP/1.1 Mozilla/5.0 (Macintosh; Intel Mac OS X 10_15_7) AppleWebKit/537.36 (KHTML, like Gecko) Chrome/96.0.4664.110 Safari/537.36]
[2022-01-13T14:40:10.171] [INFO] default - [::1 POST /basicsRouter/routerpage 200 18ms][http://localhost:8080/ HTTP/1.1 Mozilla/5.0 (Macintosh; Intel Mac OS X 10_15_7) AppleWebKit/537.36 (KHTML, like Gecko) Chrome/96.0.4664.110 Safari/537.36]
[2022-01-13T14:40:15.662] [INFO] default - [::1 POST /basicsRouter/getAllFormList 200 10ms][http://localhost:8080/ HTTP/1.1 Mozilla/5.0 (Macintosh; Intel Mac OS X 10_15_7) AppleWebKit/537.36 (KHTML, like Gecko) Chrome/96.0.4664.110 Safari/537.36]
[2022-01-13T14:40:52.297] [INFO] default - [::1 POST /basicsRouter/routerpage 200 13ms][http://localhost:8080/ HTTP/1.1 Mozilla/5.0 (Macintosh; Intel Mac OS X 10_15_7) AppleWebKit/537.36 (KHTML, like Gecko) Chrome/96.0.4664.110 Safari/537.36]
[2022-01-13T14:41:58.469] [INFO] default - [::1 POST /basicsRouter/routerpage 200 12ms][http://localhost:8080/ HTTP/1.1 Mozilla/5.0 (Macintosh; Intel Mac OS X 10_15_7) AppleWebKit/537.36 (KHTML, like Gecko) Chrome/96.0.4664.110 Safari/537.36]
[2022-01-13T14:50:19.491] [INFO] default - [::1 POST /basicsRouter/routerpage 200 13ms][http://localhost:8080/ HTTP/1.1 Mozilla/5.0 (Macintosh; Intel Mac OS X 10_15_7) AppleWebKit/537.36 (KHTML, like Gecko) Chrome/96.0.4664.110 Safari/537.36]
[2022-01-13T14:51:26.973] [INFO] default - [::1 POST /basicsRouter/routerpage 200 13ms][http://localhost:8080/ HTTP/1.1 Mozilla/5.0 (Macintosh; Intel Mac OS X 10_15_7) AppleWebKit/537.36 (KHTML, like Gecko) Chrome/96.0.4664.110 Safari/537.36]
[2022-01-13T14:51:46.890] [INFO] default - [::1 POST /basicsRouter/routerpage 200 16ms][http://localhost:8080/ HTTP/1.1 Mozilla/5.0 (Macintosh; Intel Mac OS X 10_15_7) AppleWebKit/537.36 (KHTML, like Gecko) Chrome/96.0.4664.110 Safari/537.36]
[2022-01-13T14:52:18.854] [INFO] default - [::1 POST /basicsRouter/routerpage 200 11ms][http://localhost:8080/ HTTP/1.1 Mozilla/5.0 (Macintosh; Intel Mac OS X 10_15_7) AppleWebKit/537.36 (KHTML, like Gecko) Chrome/96.0.4664.110 Safari/537.36]
[2022-01-13T14:52:55.268] [INFO] default - [::1 POST /basicsRouter/routerpage 200 13ms][http://localhost:8080/ HTTP/1.1 Mozilla/5.0 (Macintosh; Intel Mac OS X 10_15_7) AppleWebKit/537.36 (KHTML, like Gecko) Chrome/96.0.4664.110 Safari/537.36]
[2022-01-13T14:53:31.072] [INFO] default - [::1 POST /basicsRouter/routerpage 200 13ms][http://localhost:8080/ HTTP/1.1 Mozilla/5.0 (Macintosh; Intel Mac OS X 10_15_7) AppleWebKit/537.36 (KHTML, like Gecko) Chrome/96.0.4664.110 Safari/537.36]
[2022-01-13T14:58:31.177] [INFO] default - [::1 POST /basicsRouter/routerpage 200 231ms][http://localhost:8080/ HTTP/1.1 Mozilla/5.0 (Macintosh; Intel Mac OS X 10_15_7) AppleWebKit/537.36 (KHTML, like Gecko) Chrome/96.0.4664.110 Safari/537.36]
[2022-01-13T14:59:16.327] [INFO] default - [::1 POST /basicsRouter/routerpage 200 10ms][http://localhost:8080/ HTTP/1.1 Mozilla/5.0 (Macintosh; Intel Mac OS X 10_15_7) AppleWebKit/537.36 (KHTML, like Gecko) Chrome/96.0.4664.110 Safari/537.36]
[2022-01-13T15:01:54.508] [INFO] default - [::1 POST /basicsRouter/routerpage 200 17ms][http://localhost:8080/ HTTP/1.1 Mozilla/5.0 (Macintosh; Intel Mac OS X 10_15_7) AppleWebKit/537.36 (KHTML, like Gecko) Chrome/96.0.4664.110 Safari/537.36]
[2022-01-13T15:02:47.125] [INFO] default - [::1 POST /basicsRouter/routerpage 200 13ms][http://localhost:8080/ HTTP/1.1 Mozilla/5.0 (Macintosh; Intel Mac OS X 10_15_7) AppleWebKit/537.36 (KHTML, like Gecko) Chrome/96.0.4664.110 Safari/537.36]
[2022-01-13T15:03:39.233] [INFO] default - [::1 POST /basicsRouter/routerpage 200 13ms][http://localhost:8080/ HTTP/1.1 Mozilla/5.0 (Macintosh; Intel Mac OS X 10_15_7) AppleWebKit/537.36 (KHTML, like Gecko) Chrome/96.0.4664.110 Safari/537.36]
[2022-01-13T15:04:09.599] [INFO] default - [::1 POST /basicsRouter/routerpage 200 11ms][http://localhost:8080/ HTTP/1.1 Mozilla/5.0 (Macintosh; Intel Mac OS X 10_15_7) AppleWebKit/537.36 (KHTML, like Gecko) Chrome/96.0.4664.110 Safari/537.36]
[2022-01-13T15:04:16.775] [INFO] default - [::1 POST /basicsRouter/login 200 10ms][http://localhost:8080/ HTTP/1.1 Mozilla/5.0 (Macintosh; Intel Mac OS X 10_15_7) AppleWebKit/537.36 (KHTML, like Gecko) Chrome/96.0.4664.110 Safari/537.36]
[2022-01-13T15:04:16.813] [INFO] default - [::1 GET /basicsRouter/GetInfo 200 12ms][http://localhost:8080/ HTTP/1.1 Mozilla/5.0 (Macintosh; Intel Mac OS X 10_15_7) AppleWebKit/537.36 (KHTML, like Gecko) Chrome/96.0.4664.110 Safari/537.36]
[2022-01-13T15:04:16.854] [INFO] default - [::1 POST /basicsRouter/routerpage 200 12ms][http://localhost:8080/ HTTP/1.1 Mozilla/5.0 (Macintosh; Intel Mac OS X 10_15_7) AppleWebKit/537.36 (KHTML, like Gecko) Chrome/96.0.4664.110 Safari/537.36]
[2022-01-13T15:04:19.276] [INFO] default - [::1 POST /basicsRouter/getAllFormList 200 12ms][http://localhost:8080/ HTTP/1.1 Mozilla/5.0 (Macintosh; Intel Mac OS X 10_15_7) AppleWebKit/537.36 (KHTML, like Gecko) Chrome/96.0.4664.110 Safari/537.36]
[2022-01-13T15:05:02.009] [INFO] default - [::1 POST /basicsRouter/routerpage 200 11ms][http://localhost:8080/ HTTP/1.1 Mozilla/5.0 (Macintosh; Intel Mac OS X 10_15_7) AppleWebKit/537.36 (KHTML, like Gecko) Chrome/96.0.4664.110 Safari/537.36]
[2022-01-13T15:05:28.794] [INFO] default - [::1 POST /basicsRouter/routerpage 200 14ms][http://localhost:8080/ HTTP/1.1 Mozilla/5.0 (Macintosh; Intel Mac OS X 10_15_7) AppleWebKit/537.36 (KHTML, like Gecko) Chrome/96.0.4664.110 Safari/537.36]
[2022-01-13T15:06:10.413] [INFO] default - [::1 POST /basicsRouter/allRoleManagement 200 13ms][http://localhost:8080/ HTTP/1.1 Mozilla/5.0 (Macintosh; Intel Mac OS X 10_15_7) AppleWebKit/537.36 (KHTML, like Gecko) Chrome/96.0.4664.110 Safari/537.36]
[2022-01-13T15:06:15.592] [INFO] default - [::1 POST /basicsRouter/routerpage 200 14ms][http://localhost:8080/ HTTP/1.1 Mozilla/5.0 (Macintosh; Intel Mac OS X 10_15_7) AppleWebKit/537.36 (KHTML, like Gecko) Chrome/96.0.4664.110 Safari/537.36]
[2022-01-13T15:06:15.599] [INFO] default - [::1 POST /basicsRouter/allRolePermissions 200 17ms][http://localhost:8080/ HTTP/1.1 Mozilla/5.0 (Macintosh; Intel Mac OS X 10_15_7) AppleWebKit/537.36 (KHTML, like Gecko) Chrome/96.0.4664.110 Safari/537.36]
[2022-01-13T15:06:17.222] [INFO] default - [::1 POST /basicsRouter/addRolePermissions 200 35ms][http://localhost:8080/ HTTP/1.1 Mozilla/5.0 (Macintosh; Intel Mac OS X 10_15_7) AppleWebKit/537.36 (KHTML, like Gecko) Chrome/96.0.4664.110 Safari/537.36]
[2022-01-13T15:06:18.710] [INFO] default - [::1 POST /basicsRouter/allRoleManagement 200 25ms][http://localhost:8080/ HTTP/1.1 Mozilla/5.0 (Macintosh; Intel Mac OS X 10_15_7) AppleWebKit/537.36 (KHTML, like Gecko) Chrome/96.0.4664.110 Safari/537.36]
[2022-01-13T15:06:20.724] [INFO] default - [::1 POST /basicsRouter/alluserpage 200 15ms][http://localhost:8080/ HTTP/1.1 Mozilla/5.0 (Macintosh; Intel Mac OS X 10_15_7) AppleWebKit/537.36 (KHTML, like Gecko) Chrome/96.0.4664.110 Safari/537.36]
[2022-01-13T15:06:36.993] [INFO] default - [::1 POST /basicsRouter/register 200 61ms][http://localhost:8080/ HTTP/1.1 Mozilla/5.0 (Macintosh; Intel Mac OS X 10_15_7) AppleWebKit/537.36 (KHTML, like Gecko) Chrome/96.0.4664.110 Safari/537.36]
[2022-01-13T15:06:37.027] [INFO] default - [::1 POST /basicsRouter/alluserpage 200 9ms][http://localhost:8080/ HTTP/1.1 Mozilla/5.0 (Macintosh; Intel Mac OS X 10_15_7) AppleWebKit/537.36 (KHTML, like Gecko) Chrome/96.0.4664.110 Safari/537.36]
[2022-01-13T15:06:42.367] [INFO] default - [::1 POST /basicsRouter/deleteuserpage 200 16ms][http://localhost:8080/ HTTP/1.1 Mozilla/5.0 (Macintosh; Intel Mac OS X 10_15_7) AppleWebKit/537.36 (KHTML, like Gecko) Chrome/96.0.4664.110 Safari/537.36]
[2022-01-13T15:06:42.400] [INFO] default - [::1 POST /basicsRouter/alluserpage 200 10ms][http://localhost:8080/ HTTP/1.1 Mozilla/5.0 (Macintosh; Intel Mac OS X 10_15_7) AppleWebKit/537.36 (KHTML, like Gecko) Chrome/96.0.4664.110 Safari/537.36]
[2022-01-13T15:07:17.948] [INFO] default - [::1 POST /basicsRouter/getAllFormList 200 10ms][http://localhost:8080/ HTTP/1.1 Mozilla/5.0 (Macintosh; Intel Mac OS X 10_15_7) AppleWebKit/537.36 (KHTML, like Gecko) Chrome/96.0.4664.110 Safari/537.36]
[2022-01-13T15:07:21.597] [INFO] default - [::1 POST /basicsRouter/routerpage 200 13ms][http://localhost:8080/ HTTP/1.1 Mozilla/5.0 (Macintosh; Intel Mac OS X 10_15_7) AppleWebKit/537.36 (KHTML, like Gecko) Chrome/96.0.4664.110 Safari/537.36]
[2022-01-13T15:07:22.176] [INFO] default - [::1 POST /basicsRouter/getAllFormList 200 14ms][http://localhost:8080/ HTTP/1.1 Mozilla/5.0 (Macintosh; Intel Mac OS X 10_15_7) AppleWebKit/537.36 (KHTML, like Gecko) Chrome/96.0.4664.110 Safari/537.36]
[2022-01-13T15:09:46.164] [INFO] default - [::1 POST /basicsRouter/routerpage 200 14ms][http://localhost:8080/ HTTP/1.1 Mozilla/5.0 (Macintosh; Intel Mac OS X 10_15_7) AppleWebKit/537.36 (KHTML, like Gecko) Chrome/96.0.4664.110 Safari/537.36]
[2022-01-13T15:10:04.786] [INFO] default - [::1 POST /basicsRouter/routerpage 200 14ms][http://localhost:8080/ HTTP/1.1 Mozilla/5.0 (Macintosh; Intel Mac OS X 10_15_7) AppleWebKit/537.36 (KHTML, like Gecko) Chrome/96.0.4664.110 Safari/537.36]
[2022-01-13T15:10:44.653] [INFO] default - [::1 POST /basicsRouter/routerpage 200 18ms][http://localhost:8080/ HTTP/1.1 Mozilla/5.0 (Macintosh; Intel Mac OS X 10_15_7) AppleWebKit/537.36 (KHTML, like Gecko) Chrome/96.0.4664.110 Safari/537.36]
[2022-01-13T15:11:08.470] [INFO] default - [::1 POST /basicsRouter/routerpage 200 14ms][http://localhost:8080/ HTTP/1.1 Mozilla/5.0 (Macintosh; Intel Mac OS X 10_15_7) AppleWebKit/537.36 (KHTML, like Gecko) Chrome/96.0.4664.110 Safari/537.36]
[2022-01-13T15:11:31.627] [INFO] default - [::1 POST /basicsRouter/routerpage 200 12ms][http://localhost:8080/ HTTP/1.1 Mozilla/5.0 (Macintosh; Intel Mac OS X 10_15_7) AppleWebKit/537.36 (KHTML, like Gecko) Chrome/96.0.4664.110 Safari/537.36]
[2022-01-13T15:12:25.489] [INFO] default - [::1 POST /basicsRouter/routerpage 200 15ms][http://localhost:8080/ HTTP/1.1 Mozilla/5.0 (Macintosh; Intel Mac OS X 10_15_7) AppleWebKit/537.36 (KHTML, like Gecko) Chrome/96.0.4664.110 Safari/537.36]
[2022-01-13T15:13:23.488] [INFO] default - [::1 POST /basicsRouter/routerpage 200 11ms][http://localhost:8080/ HTTP/1.1 Mozilla/5.0 (Macintosh; Intel Mac OS X 10_15_7) AppleWebKit/537.36 (KHTML, like Gecko) Chrome/96.0.4664.110 Safari/537.36]
[2022-01-13T15:13:54.448] [INFO] default - [::1 POST /basicsRouter/routerpage 200 12ms][http://localhost:8080/ HTTP/1.1 Mozilla/5.0 (Macintosh; Intel Mac OS X 10_15_7) AppleWebKit/537.36 (KHTML, like Gecko) Chrome/96.0.4664.110 Safari/537.36]
[2022-01-13T15:15:42.174] [INFO] default - [::1 POST /basicsRouter/routerpage 200 11ms][http://localhost:8080/ HTTP/1.1 Mozilla/5.0 (Macintosh; Intel Mac OS X 10_15_7) AppleWebKit/537.36 (KHTML, like Gecko) Chrome/96.0.4664.110 Safari/537.36]
[2022-01-13T15:17:53.110] [INFO] default - [::1 POST /basicsRouter/routerpage 200 19ms][http://localhost:8080/ HTTP/1.1 Mozilla/5.0 (Macintosh; Intel Mac OS X 10_15_7) AppleWebKit/537.36 (KHTML, like Gecko) Chrome/96.0.4664.110 Safari/537.36]
[2022-01-13T15:18:53.290] [INFO] default - [::1 POST /basicsRouter/routerpage 200 23ms][http://localhost:8080/ HTTP/1.1 Mozilla/5.0 (Macintosh; Intel Mac OS X 10_15_7) AppleWebKit/537.36 (KHTML, like Gecko) Chrome/96.0.4664.110 Safari/537.36]
[2022-01-13T15:19:15.074] [INFO] default - [::1 POST /basicsRouter/routerpage 200 13ms][http://localhost:8080/ HTTP/1.1 Mozilla/5.0 (Macintosh; Intel Mac OS X 10_15_7) AppleWebKit/537.36 (KHTML, like Gecko) Chrome/96.0.4664.110 Safari/537.36]
[2022-01-13T15:20:02.835] [INFO] default - [::1 POST /basicsRouter/routerpage 200 12ms][http://localhost:8080/ HTTP/1.1 Mozilla/5.0 (Macintosh; Intel Mac OS X 10_15_7) AppleWebKit/537.36 (KHTML, like Gecko) Chrome/96.0.4664.110 Safari/537.36]
[2022-01-13T15:20:12.492] [INFO] default - [::1 POST /basicsRouter/routerpage 200 10ms][http://localhost:8080/ HTTP/1.1 Mozilla/5.0 (Macintosh; Intel Mac OS X 10_15_7) AppleWebKit/537.36 (KHTML, like Gecko) Chrome/96.0.4664.110 Safari/537.36]
[2022-01-13T15:21:59.983] [INFO] default - [::1 POST /basicsRouter/routerpage 200 16ms][http://localhost:8080/ HTTP/1.1 Mozilla/5.0 (Macintosh; Intel Mac OS X 10_15_7) AppleWebKit/537.36 (KHTML, like Gecko) Chrome/96.0.4664.110 Safari/537.36]
[2022-01-13T15:22:15.032] [INFO] default - [::1 POST /basicsRouter/routerpage 200 11ms][http://localhost:8080/ HTTP/1.1 Mozilla/5.0 (Macintosh; Intel Mac OS X 10_15_7) AppleWebKit/537.36 (KHTML, like Gecko) Chrome/96.0.4664.110 Safari/537.36]
[2022-01-13T15:23:11.477] [INFO] default - [::1 POST /basicsRouter/routerpage 200 13ms][http://localhost:8080/ HTTP/1.1 Mozilla/5.0 (Macintosh; Intel Mac OS X 10_15_7) AppleWebKit/537.36 (KHTML, like Gecko) Chrome/96.0.4664.110 Safari/537.36]
[2022-01-13T15:24:14.978] [INFO] default - [::1 POST /basicsRouter/routerpage 200 13ms][http://localhost:8080/ HTTP/1.1 Mozilla/5.0 (Macintosh; Intel Mac OS X 10_15_7) AppleWebKit/537.36 (KHTML, like Gecko) Chrome/96.0.4664.110 Safari/537.36]
[2022-01-13T15:31:00.229] [INFO] default - [::1 POST /basicsRouter/routerpage 200 14ms][http://localhost:8080/ HTTP/1.1 Mozilla/5.0 (Macintosh; Intel Mac OS X 10_15_7) AppleWebKit/537.36 (KHTML, like Gecko) Chrome/96.0.4664.110 Safari/537.36]
[2022-01-13T15:31:22.887] [INFO] default - [::1 POST /basicsRouter/routerpage 200 16ms][http://localhost:8080/ HTTP/1.1 Mozilla/5.0 (Macintosh; Intel Mac OS X 10_15_7) AppleWebKit/537.36 (KHTML, like Gecko) Chrome/96.0.4664.110 Safari/537.36]
[2022-01-13T15:31:24.832] [INFO] default - [::1 POST /basicsRouter/routerpage 200 15ms][http://localhost:8080/ HTTP/1.1 Mozilla/5.0 (Macintosh; Intel Mac OS X 10_15_7) AppleWebKit/537.36 (KHTML, like Gecko) Chrome/96.0.4664.110 Safari/537.36]
[2022-01-13T15:31:27.872] [INFO] default - [::1 POST /basicsRouter/routerpage 200 12ms][http://localhost:8080/ HTTP/1.1 Mozilla/5.0 (Macintosh; Intel Mac OS X 10_15_7) AppleWebKit/537.36 (KHTML, like Gecko) Chrome/96.0.4664.110 Safari/537.36]
[2022-01-13T15:31:31.377] [INFO] default - [::1 POST /basicsRouter/getAllFormList 200 10ms][http://localhost:8080/ HTTP/1.1 Mozilla/5.0 (Macintosh; Intel Mac OS X 10_15_7) AppleWebKit/537.36 (KHTML, like Gecko) Chrome/96.0.4664.110 Safari/537.36]
[2022-01-13T15:32:24.725] [INFO] default - [::1 POST /basicsRouter/routerpage 200 13ms][http://localhost:8080/ HTTP/1.1 Mozilla/5.0 (Macintosh; Intel Mac OS X 10_15_7) AppleWebKit/537.36 (KHTML, like Gecko) Chrome/96.0.4664.110 Safari/537.36]
[2022-01-13T15:32:49.283] [INFO] default - [::1 POST /basicsRouter/routerpage 200 16ms][http://localhost:8080/ HTTP/1.1 Mozilla/5.0 (Macintosh; Intel Mac OS X 10_15_7) AppleWebKit/537.36 (KHTML, like Gecko) Chrome/96.0.4664.110 Safari/537.36]
[2022-01-13T15:33:32.399] [INFO] default - [::1 POST /basicsRouter/routerpage 200 16ms][http://localhost:8080/ HTTP/1.1 Mozilla/5.0 (Macintosh; Intel Mac OS X 10_15_7) AppleWebKit/537.36 (KHTML, like Gecko) Chrome/96.0.4664.110 Safari/537.36]
[2022-01-13T15:34:19.088] [INFO] default - [::1 POST /basicsRouter/routerpage 200 18ms][http://localhost:8080/ HTTP/1.1 Mozilla/5.0 (Macintosh; Intel Mac OS X 10_15_7) AppleWebKit/537.36 (KHTML, like Gecko) Chrome/96.0.4664.110 Safari/537.36]
[2022-01-13T15:34:45.738] [INFO] default - [::1 POST /basicsRouter/routerpage 200 13ms][http://localhost:8080/ HTTP/1.1 Mozilla/5.0 (Macintosh; Intel Mac OS X 10_15_7) AppleWebKit/537.36 (KHTML, like Gecko) Chrome/96.0.4664.110 Safari/537.36]
[2022-01-13T15:34:52.308] [INFO] default - [::1 POST /basicsRouter/routerpage 200 12ms][http://localhost:8080/ HTTP/1.1 Mozilla/5.0 (Macintosh; Intel Mac OS X 10_15_7) AppleWebKit/537.36 (KHTML, like Gecko) Chrome/96.0.4664.110 Safari/537.36]
[2022-01-13T15:36:00.137] [INFO] default - [::1 POST /basicsRouter/routerpage 200 13ms][http://localhost:8080/ HTTP/1.1 Mozilla/5.0 (Macintosh; Intel Mac OS X 10_15_7) AppleWebKit/537.36 (KHTML, like Gecko) Chrome/96.0.4664.110 Safari/537.36]
[2022-01-13T15:36:20.818] [INFO] default - [::1 POST /basicsRouter/routerpage 200 15ms][http://localhost:8080/ HTTP/1.1 Mozilla/5.0 (Macintosh; Intel Mac OS X 10_15_7) AppleWebKit/537.36 (KHTML, like Gecko) Chrome/96.0.4664.110 Safari/537.36]
[2022-01-13T15:38:59.463] [INFO] default - [::1 POST /basicsRouter/routerpage 200 12ms][http://localhost:8080/ HTTP/1.1 Mozilla/5.0 (Macintosh; Intel Mac OS X 10_15_7) AppleWebKit/537.36 (KHTML, like Gecko) Chrome/96.0.4664.110 Safari/537.36]
[2022-01-13T15:39:25.119] [INFO] default - [::1 POST /basicsRouter/routerpage 200 18ms][http://localhost:8080/ HTTP/1.1 Mozilla/5.0 (Macintosh; Intel Mac OS X 10_15_7) AppleWebKit/537.36 (KHTML, like Gecko) Chrome/96.0.4664.110 Safari/537.36]
[2022-01-13T15:39:55.328] [INFO] default - [::1 POST /basicsRouter/routerpage 200 11ms][http://localhost:8080/ HTTP/1.1 Mozilla/5.0 (Macintosh; Intel Mac OS X 10_15_7) AppleWebKit/537.36 (KHTML, like Gecko) Chrome/96.0.4664.110 Safari/537.36]
[2022-01-13T15:40:16.946] [INFO] default - [::1 POST /basicsRouter/routerpage 200 21ms][http://localhost:8080/ HTTP/1.1 Mozilla/5.0 (Macintosh; Intel Mac OS X 10_15_7) AppleWebKit/537.36 (KHTML, like Gecko) Chrome/96.0.4664.110 Safari/537.36]
[2022-01-13T15:41:04.622] [INFO] default - [::1 POST /basicsRouter/routerpage 200 15ms][http://localhost:8080/ HTTP/1.1 Mozilla/5.0 (Macintosh; Intel Mac OS X 10_15_7) AppleWebKit/537.36 (KHTML, like Gecko) Chrome/96.0.4664.110 Safari/537.36]
[2022-01-13T15:42:37.697] [INFO] default - [::1 POST /basicsRouter/routerpage 200 15ms][http://localhost:8080/ HTTP/1.1 Mozilla/5.0 (Macintosh; Intel Mac OS X 10_15_7) AppleWebKit/537.36 (KHTML, like Gecko) Chrome/96.0.4664.110 Safari/537.36]
[2022-01-13T15:43:07.002] [INFO] default - [::1 POST /basicsRouter/routerpage 200 16ms][http://localhost:8080/ HTTP/1.1 Mozilla/5.0 (Macintosh; Intel Mac OS X 10_15_7) AppleWebKit/537.36 (KHTML, like Gecko) Chrome/96.0.4664.110 Safari/537.36]
[2022-01-13T15:43:08.720] [INFO] default - [::1 POST /basicsRouter/routerpage 200 16ms][http://localhost:8080/ HTTP/1.1 Mozilla/5.0 (Macintosh; Intel Mac OS X 10_15_7) AppleWebKit/537.36 (KHTML, like Gecko) Chrome/96.0.4664.110 Safari/537.36]
[2022-01-13T15:43:47.609] [INFO] default - [::1 POST /basicsRouter/routerpage 200 14ms][http://localhost:8080/ HTTP/1.1 Mozilla/5.0 (Macintosh; Intel Mac OS X 10_15_7) AppleWebKit/537.36 (KHTML, like Gecko) Chrome/96.0.4664.110 Safari/537.36]
[2022-01-13T15:44:52.467] [INFO] default - [::1 POST /basicsRouter/routerpage 200 15ms][http://localhost:8080/ HTTP/1.1 Mozilla/5.0 (Macintosh; Intel Mac OS X 10_15_7) AppleWebKit/537.36 (KHTML, like Gecko) Chrome/96.0.4664.110 Safari/537.36]
[2022-01-13T15:45:38.836] [INFO] default - [::1 POST /basicsRouter/routerpage 200 14ms][http://localhost:8080/ HTTP/1.1 Mozilla/5.0 (Macintosh; Intel Mac OS X 10_15_7) AppleWebKit/537.36 (KHTML, like Gecko) Chrome/96.0.4664.110 Safari/537.36]
[2022-01-13T15:47:21.359] [INFO] default - [::1 POST /basicsRouter/routerpage 200 30ms][http://localhost:8080/ HTTP/1.1 Mozilla/5.0 (Macintosh; Intel Mac OS X 10_15_7) AppleWebKit/537.36 (KHTML, like Gecko) Chrome/96.0.4664.110 Safari/537.36]
[2022-01-13T16:09:20.645] [INFO] default - [::1 POST /basicsRouter/routerpage 200 17ms][http://localhost:8080/ HTTP/1.1 Mozilla/5.0 (Macintosh; Intel Mac OS X 10_15_7) AppleWebKit/537.36 (KHTML, like Gecko) Chrome/96.0.4664.110 Safari/537.36]
[2022-01-13T16:09:55.007] [INFO] default - [::1 POST /basicsRouter/login 200 24ms][http://localhost:8080/ HTTP/1.1 Mozilla/5.0 (Macintosh; Intel Mac OS X 10_15_7) AppleWebKit/537.36 (KHTML, like Gecko) Chrome/96.0.4664.110 Safari/537.36]
[2022-01-13T16:09:55.050] [INFO] default - [::1 GET /basicsRouter/GetInfo 200 15ms][http://localhost:8080/ HTTP/1.1 Mozilla/5.0 (Macintosh; Intel Mac OS X 10_15_7) AppleWebKit/537.36 (KHTML, like Gecko) Chrome/96.0.4664.110 Safari/537.36]
[2022-01-13T16:09:55.104] [INFO] default - [::1 POST /basicsRouter/routerpage 200 19ms][http://localhost:8080/ HTTP/1.1 Mozilla/5.0 (Macintosh; Intel Mac OS X 10_15_7) AppleWebKit/537.36 (KHTML, like Gecko) Chrome/96.0.4664.110 Safari/537.36]
[2022-01-13T16:09:57.468] [INFO] default - [::1 POST /basicsRouter/getAllFormList 200 13ms][http://localhost:8080/ HTTP/1.1 Mozilla/5.0 (Macintosh; Intel Mac OS X 10_15_7) AppleWebKit/537.36 (KHTML, like Gecko) Chrome/96.0.4664.110 Safari/537.36]
[2022-01-13T16:11:07.452] [INFO] default - [::1 POST /basicsRouter/routerpage 200 17ms][http://localhost:8080/ HTTP/1.1 Mozilla/5.0 (Macintosh; Intel Mac OS X 10_15_7) AppleWebKit/537.36 (KHTML, like Gecko) Chrome/96.0.4664.110 Safari/537.36]
[2022-01-13T16:12:47.730] [INFO] default - [::1 POST /basicsRouter/routerpage 200 13ms][http://localhost:8080/ HTTP/1.1 Mozilla/5.0 (Macintosh; Intel Mac OS X 10_15_7) AppleWebKit/537.36 (KHTML, like Gecko) Chrome/96.0.4664.110 Safari/537.36]
[2022-01-13T16:21:02.641] [INFO] default - [::1 POST /basicsRouter/routerpage 200 13ms][http://localhost:8080/ HTTP/1.1 Mozilla/5.0 (Macintosh; Intel Mac OS X 10_15_7) AppleWebKit/537.36 (KHTML, like Gecko) Chrome/96.0.4664.110 Safari/537.36]
[2022-01-13T16:21:46.928] [INFO] default - [::1 POST /basicsRouter/routerpage 200 12ms][http://localhost:8080/ HTTP/1.1 Mozilla/5.0 (Macintosh; Intel Mac OS X 10_15_7) AppleWebKit/537.36 (KHTML, like Gecko) Chrome/96.0.4664.110 Safari/537.36]
[2022-01-13T16:22:09.196] [INFO] default - [::1 POST /basicsRouter/routerpage 200 13ms][http://localhost:8080/ HTTP/1.1 Mozilla/5.0 (Macintosh; Intel Mac OS X 10_15_7) AppleWebKit/537.36 (KHTML, like Gecko) Chrome/96.0.4664.110 Safari/537.36]
[2022-01-13T16:22:59.097] [INFO] default - [::1 POST /basicsRouter/routerpage 200 14ms][http://localhost:8080/ HTTP/1.1 Mozilla/5.0 (Macintosh; Intel Mac OS X 10_15_7) AppleWebKit/537.36 (KHTML, like Gecko) Chrome/96.0.4664.110 Safari/537.36]
[2022-01-13T16:23:55.947] [INFO] default - [::1 POST /basicsRouter/routerpage 200 19ms][http://localhost:8080/ HTTP/1.1 Mozilla/5.0 (Macintosh; Intel Mac OS X 10_15_7) AppleWebKit/537.36 (KHTML, like Gecko) Chrome/96.0.4664.110 Safari/537.36]
[2022-01-13T16:25:17.259] [INFO] default - [::1 POST /basicsRouter/routerpage 200 15ms][http://localhost:8080/ HTTP/1.1 Mozilla/5.0 (Macintosh; Intel Mac OS X 10_15_7) AppleWebKit/537.36 (KHTML, like Gecko) Chrome/96.0.4664.110 Safari/537.36]
[2022-01-13T16:33:37.432] [INFO] default - [::1 POST /basicsRouter/routerpage 200 23ms][http://localhost:8080/ HTTP/1.1 Mozilla/5.0 (Macintosh; Intel Mac OS X 10_15_7) AppleWebKit/537.36 (KHTML, like Gecko) Chrome/96.0.4664.110 Safari/537.36]
[2022-01-13T16:35:30.859] [INFO] default - [::1 POST /basicsRouter/routerpage 200 16ms][http://localhost:8080/ HTTP/1.1 Mozilla/5.0 (Macintosh; Intel Mac OS X 10_15_7) AppleWebKit/537.36 (KHTML, like Gecko) Chrome/96.0.4664.110 Safari/537.36]
[2022-01-13T16:43:05.978] [INFO] default - [::1 POST /basicsRouter/routerpage 200 20ms][http://localhost:8080/ HTTP/1.1 Mozilla/5.0 (Macintosh; Intel Mac OS X 10_15_7) AppleWebKit/537.36 (KHTML, like Gecko) Chrome/96.0.4664.110 Safari/537.36]
[2022-01-13T16:48:09.550] [INFO] default - [::1 POST /basicsRouter/routerpage 200 16ms][http://localhost:8080/ HTTP/1.1 Mozilla/5.0 (Macintosh; Intel Mac OS X 10_15_7) AppleWebKit/537.36 (KHTML, like Gecko) Chrome/96.0.4664.110 Safari/537.36]
[2022-01-13T16:48:23.037] [INFO] default - [::1 POST /basicsRouter/routerpage 200 14ms][http://localhost:8080/ HTTP/1.1 Mozilla/5.0 (Macintosh; Intel Mac OS X 10_15_7) AppleWebKit/537.36 (KHTML, like Gecko) Chrome/96.0.4664.110 Safari/537.36]
[2022-01-13T16:49:08.995] [INFO] default - [::1 POST /basicsRouter/routerpage 200 14ms][http://localhost:8080/ HTTP/1.1 Mozilla/5.0 (Macintosh; Intel Mac OS X 10_15_7) AppleWebKit/537.36 (KHTML, like Gecko) Chrome/96.0.4664.110 Safari/537.36]
[2022-01-13T16:49:24.326] [INFO] default - [::1 POST /basicsRouter/routerpage 200 13ms][http://localhost:8080/ HTTP/1.1 Mozilla/5.0 (Macintosh; Intel Mac OS X 10_15_7) AppleWebKit/537.36 (KHTML, like Gecko) Chrome/96.0.4664.110 Safari/537.36]
[2022-01-13T16:49:42.431] [INFO] default - [::1 POST /basicsRouter/routerpage 200 16ms][http://localhost:8080/ HTTP/1.1 Mozilla/5.0 (Macintosh; Intel Mac OS X 10_15_7) AppleWebKit/537.36 (KHTML, like Gecko) Chrome/96.0.4664.110 Safari/537.36]
[2022-01-13T16:49:43.707] [INFO] default - [::1 POST /basicsRouter/routerpage 200 13ms][http://localhost:8080/ HTTP/1.1 Mozilla/5.0 (Macintosh; Intel Mac OS X 10_15_7) AppleWebKit/537.36 (KHTML, like Gecko) Chrome/96.0.4664.110 Safari/537.36]
[2022-01-13T16:50:28.665] [INFO] default - [::1 POST /basicsRouter/routerpage 200 13ms][http://localhost:8080/ HTTP/1.1 Mozilla/5.0 (Macintosh; Intel Mac OS X 10_15_7) AppleWebKit/537.36 (KHTML, like Gecko) Chrome/96.0.4664.110 Safari/537.36]
[2022-01-13T16:57:33.275] [INFO] default - [::1 POST /basicsRouter/routerpage 200 22ms][http://localhost:8080/ HTTP/1.1 Mozilla/5.0 (Macintosh; Intel Mac OS X 10_15_7) AppleWebKit/537.36 (KHTML, like Gecko) Chrome/96.0.4664.110 Safari/537.36]
[2022-01-13T17:02:10.613] [INFO] default - [::1 POST /basicsRouter/routerpage 200 15ms][http://localhost:8080/ HTTP/1.1 Mozilla/5.0 (Macintosh; Intel Mac OS X 10_15_7) AppleWebKit/537.36 (KHTML, like Gecko) Chrome/96.0.4664.110 Safari/537.36]
[2022-01-13T17:05:22.941] [INFO] default - [::1 POST /basicsRouter/routerpage 200 18ms][http://localhost:8080/ HTTP/1.1 Mozilla/5.0 (Macintosh; Intel Mac OS X 10_15_7) AppleWebKit/537.36 (KHTML, like Gecko) Chrome/96.0.4664.110 Safari/537.36]
[2022-01-13T17:08:20.131] [INFO] default - [::1 POST /basicsRouter/routerpage 200 13ms][http://localhost:8080/ HTTP/1.1 Mozilla/5.0 (Macintosh; Intel Mac OS X 10_15_7) AppleWebKit/537.36 (KHTML, like Gecko) Chrome/96.0.4664.110 Safari/537.36]
[2022-01-13T17:08:21.618] [INFO] default - [::1 POST /basicsRouter/routerpage 200 11ms][http://localhost:8080/ HTTP/1.1 Mozilla/5.0 (Macintosh; Intel Mac OS X 10_15_7) AppleWebKit/537.36 (KHTML, like Gecko) Chrome/96.0.4664.110 Safari/537.36]
[2022-01-13T17:08:24.699] [INFO] default - [::1 POST /basicsRouter/routerpage 200 13ms][http://localhost:8080/ HTTP/1.1 Mozilla/5.0 (Macintosh; Intel Mac OS X 10_15_7) AppleWebKit/537.36 (KHTML, like Gecko) Chrome/96.0.4664.110 Safari/537.36]
[2022-01-13T17:08:27.729] [INFO] default - [::1 POST /basicsRouter/getAllFormList 200 13ms][http://localhost:8080/ HTTP/1.1 Mozilla/5.0 (Macintosh; Intel Mac OS X 10_15_7) AppleWebKit/537.36 (KHTML, like Gecko) Chrome/96.0.4664.110 Safari/537.36]
[2022-01-13T17:19:10.275] [INFO] default - [::1 POST /basicsRouter/routerpage 200 10ms][http://localhost:8080/ HTTP/1.1 Mozilla/5.0 (Macintosh; Intel Mac OS X 10_15_7) AppleWebKit/537.36 (KHTML, like Gecko) Chrome/96.0.4664.110 Safari/537.36]
[2022-01-13T17:22:14.213] [INFO] default - [::1 POST /basicsRouter/login 200 19ms][http://localhost:8080/ HTTP/1.1 Mozilla/5.0 (Macintosh; Intel Mac OS X 10_15_7) AppleWebKit/537.36 (KHTML, like Gecko) Chrome/96.0.4664.110 Safari/537.36]
[2022-01-13T17:22:14.258] [INFO] default - [::1 GET /basicsRouter/GetInfo 200 13ms][http://localhost:8080/ HTTP/1.1 Mozilla/5.0 (Macintosh; Intel Mac OS X 10_15_7) AppleWebKit/537.36 (KHTML, like Gecko) Chrome/96.0.4664.110 Safari/537.36]
[2022-01-13T17:22:14.318] [INFO] default - [::1 POST /basicsRouter/routerpage 200 17ms][http://localhost:8080/ HTTP/1.1 Mozilla/5.0 (Macintosh; Intel Mac OS X 10_15_7) AppleWebKit/537.36 (KHTML, like Gecko) Chrome/96.0.4664.110 Safari/537.36]
[2022-01-13T17:22:17.310] [INFO] default - [::1 POST /basicsRouter/getAllFormList 200 15ms][http://localhost:8080/ HTTP/1.1 Mozilla/5.0 (Macintosh; Intel Mac OS X 10_15_7) AppleWebKit/537.36 (KHTML, like Gecko) Chrome/96.0.4664.110 Safari/537.36]
[2022-01-13T17:23:21.634] [INFO] default - [::1 POST /basicsRouter/routerpage 200 14ms][http://localhost:8080/ HTTP/1.1 Mozilla/5.0 (Macintosh; Intel Mac OS X 10_15_7) AppleWebKit/537.36 (KHTML, like Gecko) Chrome/96.0.4664.110 Safari/537.36]
[2022-01-13T17:23:22.836] [INFO] default - [::1 POST /basicsRouter/getAllFormList 200 14ms][http://localhost:8080/ HTTP/1.1 Mozilla/5.0 (Macintosh; Intel Mac OS X 10_15_7) AppleWebKit/537.36 (KHTML, like Gecko) Chrome/96.0.4664.110 Safari/537.36]
[2022-01-13T17:26:06.930] [INFO] default - [::1 POST /basicsRouter/routerpage 200 15ms][http://localhost:8080/ HTTP/1.1 Mozilla/5.0 (Macintosh; Intel Mac OS X 10_15_7) AppleWebKit/537.36 (KHTML, like Gecko) Chrome/96.0.4664.110 Safari/537.36]
[2022-01-13T17:29:49.769] [INFO] default - [::1 POST /basicsRouter/routerpage 200 92ms][http://localhost:8080/ HTTP/1.1 Mozilla/5.0 (Macintosh; Intel Mac OS X 10_15_7) AppleWebKit/537.36 (KHTML, like Gecko) Chrome/96.0.4664.110 Safari/537.36]
[2022-01-13T17:30:29.642] [INFO] default - [::1 POST /basicsRouter/routerpage 200 15ms][http://localhost:8080/ HTTP/1.1 Mozilla/5.0 (Macintosh; Intel Mac OS X 10_15_7) AppleWebKit/537.36 (KHTML, like Gecko) Chrome/96.0.4664.110 Safari/537.36]
[2022-01-13T17:40:31.010] [INFO] default - [::1 POST /basicsRouter/getAllFormList 200 17ms][http://localhost:8080/ HTTP/1.1 Mozilla/5.0 (Macintosh; Intel Mac OS X 10_15_7) AppleWebKit/537.36 (KHTML, like Gecko) Chrome/96.0.4664.110 Safari/537.36]
[2022-01-13T17:40:59.679] [INFO] default - [::1 POST /basicsRouter/getAllFormList 200 12ms][http://localhost:8080/ HTTP/1.1 Mozilla/5.0 (Macintosh; Intel Mac OS X 10_15_7) AppleWebKit/537.36 (KHTML, like Gecko) Chrome/96.0.4664.110 Safari/537.36]
[2022-01-13T17:41:03.172] [INFO] default - [::1 POST /basicsRouter/getAllFormList 200 11ms][http://localhost:8080/ HTTP/1.1 Mozilla/5.0 (Macintosh; Intel Mac OS X 10_15_7) AppleWebKit/537.36 (KHTML, like Gecko) Chrome/96.0.4664.110 Safari/537.36]
